2017-08-06 11:09:13  [ main:0 ] - [ DEBUG ]  going to scan these urls:
file:/D:/eclppj/BlogGecco/target/classes/
jar:file:/E:/MAVEN/m2/repository-jeecg/com/geccocrawler/gecco/1.0.8/gecco-1.0.8.jar!/
2017-08-06 11:09:14  [ main:190 ] - [ INFO ]  Reflections took 181 ms to scan 2 urls, producing 30 keys and 126 values 
2017-08-06 11:09:15  [ Spider-3:1104 ] - [ DEBUG ]  match url : http://www.cnblogs.com/boychen/p/7226831.html
2017-08-06 11:09:15  [ Spider-3:1128 ] - [ DEBUG ]  downloading...http://www.cnblogs.com/boychen/p/7226831.html
2017-08-06 11:09:15  [ Spider-3:1197 ] - [ DEBUG ]  CookieSpec selected: default
2017-08-06 11:09:15  [ Spider-3:1217 ] - [ DEBUG ]  Auth cache not set in the context
2017-08-06 11:09:15  [ Spider-3:1220 ] - [ DEBUG ]  Connection request: [route: {}->http://www.cnblogs.com:80][total kept alive: 0; route allocated: 0 of 50; total allocated: 0 of 1000]
2017-08-06 11:09:15  [ Spider-3:1246 ] - [ DEBUG ]  Connection leased: [id: 0][route: {}->http://www.cnblogs.com:80][total kept alive: 0; route allocated: 1 of 50; total allocated: 1 of 1000]
2017-08-06 11:09:15  [ Spider-3:1249 ] - [ DEBUG ]  Opening connection {}->http://www.cnblogs.com:80
2017-08-06 11:09:15  [ Spider-3:1256 ] - [ DEBUG ]  Connecting to www.cnblogs.com/101.37.225.58:80
2017-08-06 11:09:15  [ Spider-3:1278 ] - [ DEBUG ]  Connection established 192.168.1.101:6371<->101.37.225.58:80
2017-08-06 11:09:15  [ Spider-3:1278 ] - [ DEBUG ]  http-outgoing-0: set socket timeout to 3000
2017-08-06 11:09:15  [ Spider-3:1279 ] - [ DEBUG ]  Executing request GET /boychen/p/7226831.html HTTP/1.1
2017-08-06 11:09:15  [ Spider-3:1279 ] - [ DEBUG ]  Target auth state: UNCHALLENGED
2017-08-06 11:09:15  [ Spider-3:1281 ] - [ DEBUG ]  Proxy auth state: UNCHALLENGED
2017-08-06 11:09:15  [ Spider-3:1286 ] - [ DEBUG ]  http-outgoing-0 >> GET /boychen/p/7226831.html HTTP/1.1
2017-08-06 11:09:15  [ Spider-3:1288 ] - [ DEBUG ]  http-outgoing-0 >> User-Agent: Mozilla/5.0 (Windows NT 6.1; WOW64) AppleWebKit/537.36 (KHTML, like Gecko) Chrome/45.0.2454.85 Safari/537.36
2017-08-06 11:09:15  [ Spider-3:1288 ] - [ DEBUG ]  http-outgoing-0 >> Cookie: 
2017-08-06 11:09:15  [ Spider-3:1288 ] - [ DEBUG ]  http-outgoing-0 >> Host: www.cnblogs.com
2017-08-06 11:09:15  [ Spider-3:1289 ] - [ DEBUG ]  http-outgoing-0 >> Connection: Keep-Alive
2017-08-06 11:09:15  [ Spider-3:1289 ] - [ DEBUG ]  http-outgoing-0 >> Accept-Encoding: gzip,deflate
2017-08-06 11:09:15  [ Spider-3:1290 ] - [ DEBUG ]  http-outgoing-0 >> "GET /boychen/p/7226831.html HTTP/1.1[\r][\n]"
2017-08-06 11:09:15  [ Spider-3:1290 ] - [ DEBUG ]  http-outgoing-0 >> "User-Agent: Mozilla/5.0 (Windows NT 6.1; WOW64) AppleWebKit/537.36 (KHTML, like Gecko) Chrome/45.0.2454.85 Safari/537.36[\r][\n]"
2017-08-06 11:09:15  [ Spider-3:1290 ] - [ DEBUG ]  http-outgoing-0 >> "Cookie: [\r][\n]"
2017-08-06 11:09:15  [ Spider-3:1291 ] - [ DEBUG ]  http-outgoing-0 >> "Host: www.cnblogs.com[\r][\n]"
2017-08-06 11:09:15  [ Spider-3:1291 ] - [ DEBUG ]  http-outgoing-0 >> "Connection: Keep-Alive[\r][\n]"
2017-08-06 11:09:15  [ Spider-3:1291 ] - [ DEBUG ]  http-outgoing-0 >> "Accept-Encoding: gzip,deflate[\r][\n]"
2017-08-06 11:09:15  [ Spider-3:1291 ] - [ DEBUG ]  http-outgoing-0 >> "[\r][\n]"
2017-08-06 11:09:15  [ Spider-3:1325 ] - [ DEBUG ]  http-outgoing-0 << "HTTP/1.1 200 OK[\r][\n]"
2017-08-06 11:09:15  [ Spider-3:1326 ] - [ DEBUG ]  http-outgoing-0 << "Date: Sun, 06 Aug 2017 03:09:13 GMT[\r][\n]"
2017-08-06 11:09:15  [ Spider-3:1326 ] - [ DEBUG ]  http-outgoing-0 << "Content-Type: text/html; charset=utf-8[\r][\n]"
2017-08-06 11:09:15  [ Spider-3:1327 ] - [ DEBUG ]  http-outgoing-0 << "Transfer-Encoding: chunked[\r][\n]"
2017-08-06 11:09:15  [ Spider-3:1327 ] - [ DEBUG ]  http-outgoing-0 << "Connection: keep-alive[\r][\n]"
2017-08-06 11:09:15  [ Spider-3:1327 ] - [ DEBUG ]  http-outgoing-0 << "Vary: Accept-Encoding[\r][\n]"
2017-08-06 11:09:15  [ Spider-3:1328 ] - [ DEBUG ]  http-outgoing-0 << "Cache-Control: private, max-age=10[\r][\n]"
2017-08-06 11:09:15  [ Spider-3:1328 ] - [ DEBUG ]  http-outgoing-0 << "Expires: Sun, 06 Aug 2017 03:09:22 GMT[\r][\n]"
2017-08-06 11:09:15  [ Spider-3:1328 ] - [ DEBUG ]  http-outgoing-0 << "Last-Modified: Sun, 06 Aug 2017 03:09:12 GMT[\r][\n]"
2017-08-06 11:09:15  [ Spider-3:1329 ] - [ DEBUG ]  http-outgoing-0 << "X-UA-Compatible: IE=10[\r][\n]"
2017-08-06 11:09:15  [ Spider-3:1329 ] - [ DEBUG ]  http-outgoing-0 << "X-Frame-Options: SAMEORIGIN[\r][\n]"
2017-08-06 11:09:15  [ Spider-3:1330 ] - [ DEBUG ]  http-outgoing-0 << "Content-Encoding: gzip[\r][\n]"
2017-08-06 11:09:15  [ Spider-3:1330 ] - [ DEBUG ]  http-outgoing-0 << "[\r][\n]"
2017-08-06 11:09:15  [ Spider-3:1330 ] - [ DEBUG ]  http-outgoing-0 << "9a3[\r][\n]"
2017-08-06 11:09:15  [ Spider-3:1331 ] - [ DEBUG ]  http-outgoing-0 << "[0x1f][0x8b][0x8][0x0][0x0][0x0][0x0][0x0][0x0][0x3][0xb4]X[0xe9]S[0x13]i[0x1a][0xff][0x8c]U[0xfe][0xf]=[0xbd][0x95][0x9d][0xdd]ZC.[0xae]8$S x[0x8c][0x80][0xee](S[0xae]_R[0x9d]N[0x87]4[0xf4][0x91][0xed][0xee][0x0][0xe1][0x13][0x1e][0x9c][0x82][0x88][0xa2]r9[0x80][0x82][0xe2][0x15]pt $D[0xfe][0x98][0xed]7[0xdd]|[0xf2]_[0xd8][0xe7][0xed][0xb7];$[0xa8][0x5]Z[0xbb]b[0x91][0xce][0xf3]>[0xf7][0xf1]{[0xde][0xe6][0xe4][0x89][0xc6][0x1f]Z.[0x9d][0xb9][0xfa][0xaf][0xcb][0xad]TB[0x13][0x85][0xf0][0xc9][0x13][0x8d][0xf8][0x93][0x12][0x18][0xa9]+D[0xf]$[0xdc][0xac]D[D[0x8e][0x89][0xe1]O[0x91][0xd3][0x18][0x8a]M0[0x8a][0xca]i!:[0xa5][0xc5][0xdd][\r][0xb4][0xa7]t 1"[0x17][0xa2]{y[0xae]/)+[0x1a]M[0xb1][0xb2][0xa4]q[0x12]0[0xf6][0xf1]1-[0x11][0x8a]q[0xbd]<[0xcb][0xb9][0xad]/[0xa7](^[0xe2]5[0x9e][0x11][0xdc]*[0xcb][0x8]\[0xc8]GS[0x96][0x1e][0x8d][0xd7][0x4].[0x8c][0x16][0xd7][0x5]^J[0xf5][0xeb][0xd9][0xb7](3f>[0x1b][0xea][0xe2][0xb5]O[0xbb][0x13]hg[0xb]m[0xe][0xeb][0xf9]g[0xc6][0xf2][\r]45[0x8d][0xb2][0xb7][0xd0][0xe8]&[0x1c]%RQ[0xca]M[0xed][0xdf]|[0xa6]g_[0x19]3[0xdb][0xe8][0xed]K[0xf4]q[0x14]=[0x99][0x2]"[0x9a][0x9c]G[0x99][0xa7]h[0xe1]m[0xa3][0x87][0xa8][0x6][0x1b][0xa0][0xba][0x87][0xd2][0xd2]I[0xf0]U[0xe3][0xfa]5[0xf][0xab][0xaa]4[0xa5]pB[0x88]V[0xb5][0xb4][0xc0][0xa9][0x9][0x8e][0x3][0xe7][0x13][\n]"
2017-08-06 11:09:15  [ Spider-3:1332 ] - [ DEBUG ]  http-outgoing-0 << "[0x17][0xf][0xd1][0x9e]hJ[0x8a][0x1][0xcd][0x13][0x15][0xe4].7+[0x8b][0xa2],U[0x83][0xc0][0xcf][0xbd]!1r[0xf6][0x9a][0xd8]7[0x10][0xe8][0xeb][0xbf].slg_G[0xeb]E[0xe0]r[0xd3][0x0][0xeb][0xee][0xe][0xf6]F[0xaf]E[0xce][0xd4][0xb5]G[0x85]_j[0xe5]T;[0xeb][0x83]$[0xd9]v[0xf9]X[0x88]ngx[0xe9][0xc]6z\'[0xd4][0x1e]^R=[0xac][0x1c][0x8f]s[0x9c][0xed][0x91][0x9b]|[0xb3]}9_90[0xd0][0x19][0x88][0xb4][0xd7][0xfa][0x83][0x1d]Z[0xdb]o[0x89]`[0xcf][0xc5][0xce][0xb6]_[0x98][0xeb]m-[0xe7]z[0x83][0xff][0x1c][0x88][0xb4]E~[0x8b]u[0xa5];|[0x97]k[0xe][0xf9]"[0xca]Q[0x1e][0xb4]YFiJ[0xe4]b<[0x13][0xa2]eIHS*[0xab]p[0x9c]D1R[0x8c][0xfa][0x9b][0xc8][0xf4][0x93][0xba][0x9d][0xa6][0xea][0xeb][0x1a][0x92][0xfd][0xff]_[0xf8][0xee]&[0xb6][0xed][0x10][0xda]ZR[0xfc][0x85][0x4]s5~![0xa0][0xb4]5[0xb3]M[0x89]K[0xed]^[0x86][0xb9]x[0x96]a[0xd8]h[[0xad]r][0xb9][0x10]S[0x13]B[0xc7][0xf9]sj[0x83][0x8f][0xf4][0x1c][0xa9]#[0xae]j[0x88][0xfe][0xf5][0xca][0x15][0xc7]%&[0x99][0x14]x[0x96][0xd1]xY[0xf2]([0xaa][0xfa][0x8f]~Q[0xb0][0xbd]c[0x4][0x8d]S$F[0xe3][0x1c][0xe7][0x12][0x9a][0x96]<[0xed][0xf1][0xf4][0xf5][0xf5]U[0xb3][0x12][0xae][0xb0]Z[\r]%[0xf6]D[0xe5]4[0x9b][0xe0],[0xe9]/Yj[0xf9][0xb2][0xa5]X[0x99][0xa5][0xd6][0x18][0xaf]u[0xfe]z[0xe1][0xd8]vb[0xd5]X[0xb6]T[0x98][0xcf][0xd5][0xf7][0x9]}"#[0xf1]qN[0xd5][0xca][0xcc][0x94]Q[0x8f]i[0xaa]L[0xc2]6[0x9][0xe1]A[0xa5][0xf9][0xa4]F[0xa9][\n]"
2017-08-06 11:09:15  [ Spider-3:1332 ] - [ DEBUG ]  http-outgoing-0 << "[0xb][0xf5][0xf2]8M^&M[0x18]<[0xdd][0xff]NqJ[0xba][0xba][0xbb][0xb2]s[0xbb][0x99]^[0x86]0[0xd0][0xe1]F[0x9b]5LQ[0x7]z[0xbf][0xc2][0xdb][0xcb]([0x14][0x9b]R[0x14]@[0x88]f[0xb0][0xd4][0x94]LR![0xea]G[0xdb][0xd1][0x1f]OQl4[0xc2]ILT[0xe0]""[0xa3]%[0xba][0x99][0xfe]P[0x9c][0x11]T[0xee]',[0xc7][0xab]mr[0x17]/q1[0x9b]V[0xb2]{8[0x9a]/[0x8d]o7n[0xb7]V[0x9f][0xbb]-[0xad][0xc]4u4[0xfb][0xbb][0xa3][0x1d]AY[0xd4][0xa4][0xe4][0xa5][0xf3][0xfd][0x1][0xae][0xd3]{Q[0xb][0xb4][0xa4]yU[0x88]':[0xbd][0xd1][0xda]$[0xb4][0xdb][0x91][0xe1][0x82]Y[0x8f][0x83][0x91]Q9[0x96][0xc6][0x9f][0xe][0x1e]jr[0x12]s2@[0x3][0xea][0xf]nwL[0x96]8[0xb7][0x1b][0xb3][0xc4][0xf8]^k[0x8][0x13][0xb2][0xc8][0xd1][0x15][0x4][0xd0][0xc5])[0x98]TU[0xa2][0xe1][0x10][0xae][0xe2][0x1e]$d[0xc6]"[\n]"
2017-08-06 11:09:15  [ Spider-3:1333 ] - [ DEBUG ]  http-outgoing-0 << "R[0xf]N[0x1e]dC>f[0x7][0x80]/[0xbc][0xd8]U[0xd2]H$I[0xb2][0xae][0x90]QM[0xa9][0x1a][0xf0][0xf3]"[0xd3][0x5][0x89][0x3][0x16][0xb9][0xba][0x8b][0x8f][0xd3][0x14]LO[0x88]6[0xf7]f[0xd0][0xc2][0xef]z6[0xbf][0xbf][0xf2]'[0x86]l[0x1c]WUU[0x15]8Tu8[0xb8][0x84]/l;y[0xde][0x8a][0xc6][0x17]![0x9f]$[0x6][0x8a][0x15][0x18]Uu"[0x15][0x1][0x11]5B?f[0x10][0x9f][0xa3]=v[0x5][0xaa][0xe0][0xb3]l[0xfb][0xf1][0xa3][0xdf]J9[0xfe][0xb1]<l[0xf4]@*[0xc3][0xd8]IN[0x8a][0x9d][0xa6]J[0xf9][0xb4][0x97][0x84]1[0xbb][0xb8]<[0xb2][0xff]t[0x16][0xdd][0x9f]@c[0x1b][0xe4][0x99]"[0xb1]TJ[0x12][0x9f])[0xb4][0xfa]a[0xff][0xd6]:[0xe1]([0xab][0x1d][0x8e][0xa5][0xb2]r[0x98]r[0x86][0xec][0xc2][0x83][0x3];[0xfe][0xb8][0xac][0x9c][0x15][0xe4]>[0x8b]~ !1[0xbd]|[0x17][0xa3][0xc9][0xa4][0x5][0xac][0xdc][0xa6][0x4][0xe7][0xa4][0x8d]Wm="
2017-08-06 11:09:15  [ Spider-3:1339 ] - [ DEBUG ]  http-outgoing-0 << HTTP/1.1 200 OK
2017-08-06 11:09:15  [ Spider-3:1340 ] - [ DEBUG ]  http-outgoing-0 << Date: Sun, 06 Aug 2017 03:09:13 GMT
2017-08-06 11:09:15  [ Spider-3:1340 ] - [ DEBUG ]  http-outgoing-0 << Content-Type: text/html; charset=utf-8
2017-08-06 11:09:15  [ Spider-3:1340 ] - [ DEBUG ]  http-outgoing-0 << Transfer-Encoding: chunked
2017-08-06 11:09:15  [ Spider-3:1341 ] - [ DEBUG ]  http-outgoing-0 << Connection: keep-alive
2017-08-06 11:09:15  [ Spider-3:1341 ] - [ DEBUG ]  http-outgoing-0 << Vary: Accept-Encoding
2017-08-06 11:09:15  [ Spider-3:1341 ] - [ DEBUG ]  http-outgoing-0 << Cache-Control: private, max-age=10
2017-08-06 11:09:15  [ Spider-3:1342 ] - [ DEBUG ]  http-outgoing-0 << Expires: Sun, 06 Aug 2017 03:09:22 GMT
2017-08-06 11:09:15  [ Spider-3:1342 ] - [ DEBUG ]  http-outgoing-0 << Last-Modified: Sun, 06 Aug 2017 03:09:12 GMT
2017-08-06 11:09:15  [ Spider-3:1352 ] - [ DEBUG ]  http-outgoing-0 << X-UA-Compatible: IE=10
2017-08-06 11:09:15  [ Spider-3:1352 ] - [ DEBUG ]  http-outgoing-0 << X-Frame-Options: SAMEORIGIN
2017-08-06 11:09:15  [ Spider-3:1353 ] - [ DEBUG ]  http-outgoing-0 << Content-Encoding: gzip
2017-08-06 11:09:15  [ Spider-3:1364 ] - [ DEBUG ]  Connection can be kept alive indefinitely
2017-08-06 11:09:15  [ Spider-3:1376 ] - [ DEBUG ]  http-outgoing-0 << "[0x2][0xef][0xa4][0x18][0x7][0x13][0x81][0xb3][0x88][0xca]k[0x9c][0xd5]N[0x8e][0x1][0x91][0x93]RGd[0x95][0xe][0x97][0xad]I[0x9c]D[0xd0][0xfb][0x15][0xf5]b[0xfa][[0x95][0x97][0x95][0xec][0xf9]#[0xe8][0x9a][0xa3],H[0xf8][0xf6][0x80][0xf1][0xac][0xc2][0x84][0x5]w[0x92][0x1c][0x97][0x5][0x9c][0xac]2[0x8b]*[0x98][0xe4]+[0xc]b[0xec][0xbd][0xc][0x1a][0xd4]jFM[0xf6][0xff],'5[0xb8]][0x84][0x8b][0x8f]6[0xf7][0xe7][0xa7][0x8c]73G[0xd9][0xc7][0x97][0x16][0x86][0x5][0xfb][0xc][0xcb]r[0xaa][0xda][0xc3][0xa5]Ct[0xf0][[0xbc][0x11][0xd5][0xae]J[0xf0][0x84][0x9e][0xf1][0xb8]Z[0x83][0xae][0x6][0xbf][0xab])[0xe0]j[0xad]q57[0xb8][0x9a][0x9a]\[0xad][0xf5][0xae] <[0xd7][0xbb]Zk]M-[0xae][0xa6] ~hnu54[0xe0][0x87]`[0x8b][0xab][0xe1],[0x1d]6o[0xcc][0x18][0xef][0xf3]G[0xf9][0xcc][0xc4]D[0xe8][0xb9][0xef][0xce][0x18][0x1d]62+[0xc6][0xbd][0xe1][0xa3][0xcc][0xe0]}[0xf8][0x1d][0x95][0xc7]ba3[0xf3]tv[0x88][0xc0]`[0xd5][0x17][0x14]G,[0xbc])[0xa9]g[0x8]V\ko[0xfb][0x16]#[0x16][0xb2][0xd9]k[0xec]0[0xa3][0x8d]g[0xb0][0xf4][0xca][0xe1][0xcc][0xf2][0xca][0x1]2;[0xf6]FOJ[0x8];[0xb8]Q1[0xac]X[0xdb][0x15][0x8d][0xd1]T{,[0xab][0xc8][0xef][\n]"
2017-08-06 11:09:15  [ Spider-3:1378 ] - [ DEBUG ]  http-outgoing-0 << "[0x88][0x8e][0xa8][0xe]C[0x5][0x1c][0x92][0xe6]sS5[0x95][0xa2]j[0xf2][0xa7][0x93]'[0x8a][0x8f]F[0x8c][0xd7][0xcb]n[0xca][0xeb][0x10][0xcc][0x8d][0xdb]f&[0xe7][0xa6][0x2][0xe][0x81][0xa0]N[0x99][0xa1]/[0x0][0x98][0xe5][\r][0x81][0xa0][0xcf][0xce]K [0xe2][0xdc][0x82]7v[0xcd][0xd1]W[0xc5][0xe5])[0x87][0xbf][0xc][0xb4][0xf0][0xc8]Ebp[0x89][0xe7][0x85][0xcf]\/1[0xc1]&[0xe3]Y[0xf5][0x10][0x84][0xc1][0xd2][0xb6][0xa4]m[0x4]K[0xf8]*[0xc9][0x7][0x1b][0xab][0xca]);,v[0xcb][0x9c][0x5][0xf8][0x91][0x94]"[0x94][0xaa]^[0x12][0xf0][0x1f][0xb3][0xea]IO[0xbd][0xdf]_[0xd7][0x10][0xf0]U[0xe3][0xd7][0x16][0xfa];^[0x1c][0xec][0x8e][0xac][0xb2]7Ge[0xbd]Y[0x81]c[0x14][0xbc][0xbc][0x9d]B[0x94][0x1f]bg[0x9b]a[0xd7];[0xc1]9Y[0xb2][0xfd]$1F-[0x86][0xc6]d[0xb8][0xb8][0xb6][0xb][[0xf3][0x1c][0xaf][0xa1][0xcd])c[0xae][0x0]N[0xe9][0xf9]q[0xb4][0xfa][0x12][0x8d][0xce][0xe3][0xff]o[0x9f][0xeb];[0xcb]zn[0x98][0xf8]k[0xce][0x15][0x8c][0xdb][[0x10][0xc][0xda]^[0xd3][0xb][0x8b][0x10][0x8d][0xbe][0xb3]df[0xb2][0xc6][0xcc][0xba][0x9e][0x9d][0x4][0xdf][0xb1]xa[0xb8]8[0xbb][0x81]y,Y[0xbc][0xbd][0x1e]o[0xa1][0xc1]9[0xf3][0xe6][0x6][0xca][0xcc][0xeb][0xbb][0xf3][0xc0][0xc][0x9c]@[0x7][0xe6][0xe2][0xc6]C[0xe3][0xf5][0x92][0x9e][0x1d][0xc4];s[0xfd][0xe][0xca]M[0xa1][0xe9]Y[0xc0]c44[0x8a]6[0xdf][0x99][0xcf]o[0x14][0x1f]~[0x0][0x0]0G^[0xa1][0xed]w b,[0xad][0x99][0x1b][0xc3][0xc6][0xcd][0x1d][0x9c][0xbc][0xcd]a[0xe3][0xe3]]=[[0x0][0xba][0x9d][0xc2][0xd1]a=[0xf7]Z[0xcf][0xde]E[0xab]/Pf[0xeb]?[0x83]7[0x1b]=I[0xb8][0xbb]:Qb[0xbf]6[0x87]q[0xac]V[\r][0xc0][0xc7][0xfd][0xd9][0xbd][0xfd][0x91][0x9]=7[\r]:XX[0x83][0xb2]Z[0xff]iw[0x14]0[0xb9]8v[0x7]M[0x8e][0xa3][0x9d][0xf]A4t[0xab][0x14][0xf9][0xfe][0xd0][0xa4]Q[0xc8]@[0xa8][0xfb][0xaf]gK[0xa1][0x9a][[0xef][0xd1][0xea]RqtZ[0xcf][0xbf][0xd1][0xb]{[0x10][0x1e][0xe][0xec][0xed]*Z[0xbd][\r][0x9c][0xd8][0xe6][0xce][0x1e][0x9a][0x1e][0xc7][0x1e][0xaf][0x15][0xf4][0xec][0xa2][0xb9][0xb6]G[0xfc]#[0xee][0x82][0x97][0x9f]v[0xc7][0xf4][0xec]x[0x99][0xbb]ht[0x1][0xe5]s[0x90]s[0x18]F=[0xbf][0x85]V[0xad]x[0x17][0xd7][0x89][0xd6][0xb2][0xe][0x9a]'[0x12][0xe5][0xad]aW[0x99][0x95]c[0xd0][0xde][0xa0]L[0xe1][0xc2][0x94][0xd8][0x13][0xe3][0x15][\n]"
2017-08-06 11:09:15  [ Spider-3:1378 ] - [ DEBUG ]  http-outgoing-0 << "$[0x80][0x1d][0xbe][0xdb][0x13][0x8c]-[0x91][0x99]v[0xec][0x9a]{[0xb]hh[0xad][0xd2][0xee]1M[0xb0][0xb1]c[0xe8]/y~[\n]"
2017-08-06 11:09:15  [ Spider-3:1379 ] - [ DEBUG ]  http-outgoing-0 << "-,[0xeb][0xd9][0x1c]I9[0xa1]B[0x5][0xd0]tA[0xcf][0xaf][0x9a]+[0x13]p[0xd3][0xb1][0xc6][0xa5][0xf8]`[0x12][0xda][0xc][0x16][0x8d][0x91][0x87]&[0x99][0x84]>).o[0xe3][0xec][0x8e][\r][0xea][0xf9]5H[0x88][0xb9]7[0x7][0xf5]3?|@#[0xb9][0xe2][0x93]5H!n[0xbc][0xa1]-[0xe8]Lh[0x1e][0xf3][0xe3][0x3][0x8]'[\r][0x2][0xc6]J[0x6]7_[0xf6][0x8e]Y([0xd8][0xc5][0x9f][0x18][0xb2]2[0xbc][0xf0][0x1a][0xd5]$#Q[0xd6][$0[0xc8][0x82][0xac][0x9c][0xa6][0xfe][0xe2][0xb5][0xfe][0xd1]a[0x12][0x5][0xa8][0xa2][0xa8]tJ[0xa4][0xe0][0xae][0xaa]1[0x82][0x80][0xd3]q[0xe2][0x84][0x15][0x6][0x1c][0xa9][0xa9][0x98]L1IH[0x10][0xd6][0x14]vUa<N[0x87][0xbb]8[0x87][0xaf]\[0xd9]g[0xb9]=[0xd8]*6[0x1a][0x91]U[0xe2][0xf7][0xfa]j+A[0x9][0x9e]<>o]]]M[0x8d][0x7]N[0xeb][0xbd][0xf5][0xce]W7[0xf9][0xea][0xaf][0xf1]z[0xfd]5[0xb5][0xf5][0xb5]>[0x9f][0xbb][0xce][0xeb][\r][0x6][0x1b][0xfc]^uR[0xea][0xb2][0xd7][0x11][0x86][0x9a][0xe4]W[0xeb]i[0xe4][0x1f][0x14][0x9f],[0x91][0xdc]CA`[0x94]K[0xed][0x3][0xe3]^\[0x1c][0xc3][0xf3][0x9d][[0xd8][0x9f][0xbf]g>[0x9e]"G[0x98][0xd9][0x9a][0x1][0xc0][0xf]4[0xb5][0x1][0xc5],.[0xad][0x19][0x8b]wp[0x85][0xac]Y/[0xf5][0x84]16Z\|s[0xac]"A[0x9a][0xdc]LcT[0x9]C[0xb2]`[0x95][0xf4]r[0x8a][\n]"
2017-08-06 11:09:15  [ Spider-3:1379 ] - [ DEBUG ]  http-outgoing-0 << "[0xaf][0xa8][0xff][0xe7][0xb4][0x5][0xfc]~[0x9f]/P[0xe7][0x86][0x93][0x1a]_[0xa0][0xa1]>x[0x8c][0xb4][0x15][0xc7]^@[0x93]c/[0xf1][0x1f][0x9b]([0xd2][0xf6][0x18]O08[0x2][0x92][0xdc][0xab]><[0xfa][0x16][0x1e]X[0xbd][0x84][0xc7]$[0xf7][0xe0]X[0xf9]p[0xc][0x1c]1[0x94][0x87]JZ[0xda]T[0xe3][0xf6][0xa0]d&[0xec]eu[0xff][0x1d][0xae]Vn[0xc6][0xdc]XCw[0xf3]dM[0x15][0xdf][0xaf][0xa3][0xe1][0x9][0x94][0xbd][0x87][0xa6][0xb6]aM@][0x9][0xdd](L[0xa3]'[0x83][0xd0][0xf8][0xce][0xcd][0x8e][0x90][0xad][0xc4]:[0xa6][0x8c][0x85][0xac][0xbe][0xb7]B4[0x90][0x15]@[0xf4][0xa0][0x8d][0x1d][0xd2][0x1c][0xc5]?V[0xf4][0xfc][0xa0][0xbe]3[0xba][0xff]8[0x3][0xef]<x[0x95][0x8c][0x8f][0x97][0xfa][0xc][0x3]7[0xe0][0xeb]v[0x1e][0x8d]/[0x17][0x1f][0xce][0xc1][0xfa][0xc0]G[0x99][0xdf]1[0xac]/[0xe][0xc2][0xf8][0xa3]l[0x6][0x8d][0xbf]47[0xb6][0x8d][0x87]s[0xe6][0xfa]`[0x19][0xbe][0x92][0x90]! [0xb4][0xfd][0x87][0x91][0x9f]rb&i[0xc6]([0x9d][0x1b]&[0xe][0xe9][0xf9][0x7][0x90]m[0x8c]8w[0xd7][0xa0]7[0x1]b[0xd0][0xd4]+`'[0xd1][0x10][0xfe]rNX/[0xd6][0x4][0xac][0x1e]P[0x86][0xde][0xc3]][0x19][0x96][0x19]is[0x92][0xa3]C~8[0xfa][0xc8][0x8b][0x8][0x9a]z[0x8f][0xc7][0xe0][0xc5][0xfd]S[0xb0][0xe7][0xd0]H[0xbe][0x83][0xeb][0x83]K3lm[0x1e][0xae]L[0xe9]2[0xe9][0xef]l[0xe4][0xff][0x2][0x0][0x0][0xff][0xff][\r][\n]"
2017-08-06 11:09:15  [ Spider-3:1380 ] - [ DEBUG ]  http-outgoing-0 << "875[\r][\n]"
2017-08-06 11:09:15  [ Spider-3:1380 ] - [ DEBUG ]  http-outgoing-0 << "[0xbc]Z[0xed]s[0x13]E[0x18][0xff][0xac][0xc5]Zf[0xbc]t[0x86]k[0xef]%[0x97][0x97]B;@[0xea]`GQ[0xc6]V[0xfd][0xd8]9r[0x9b][0xf6][0x86][0xe4].[0xde]]*[0xd5]q[0xa6][0x8c][0x82]X[0xa0][0xa2][0x88]o [0x15][0x7][0x90][0xf][0xb5][0xe2][0x8c] [0xa5][0x16][0xfe][0x18][0x9b]4[0xf9]/|[0x9e][0xdb][0xdd][0xcb]]rm[0xc3][0x8][0x6][0xa6][0xb9][0xec][0xed]>[0xfb][0xec][0xee][0xef]y[0xdb][0xe7][0xd9][\r][0xc8]9[0x3]~[0xa8][0xb2][0x9e][0xd5][\n]"
2017-08-06 11:09:15  [ Spider-3:1381 ] - [ DEBUG ]  http-outgoing-0 << "9U1[0xf4][0x1][0x80][0xcc]=_>[0x8a][0x8a][0x6][0xba]HV[0xb]9#[0xa7]d[0xb3][0xb9][0xdc] [0x12][0x15][0x1d][0xf][0x9c][0xe9][0xfd]?[0xd0]*[0x83][0xef][0xb0][0xbc][0xc][0xfb][\n]"
2017-08-06 11:09:15  [ Spider-3:1381 ] - [ DEBUG ]  http-outgoing-0 << "[0xb6][0x84]C2[0x94][0x1c]v[0x1e][0xed][0x7]1s[0x81]0Y[0xbf][0xb9][0xb3]r{[0xf3][[0xb0][0xdf][0xd0][0xa7][0xfd][0xf4][0x6]z"W[0xc0][0x84][0xdf]a[0xa4][0x18][0x9a][0x98][0xdb]2=[0xfd]:y[0x83][0xa2]I[0xe1][0xf8][0xbf][0xf8][0x14]Z[0x11]/[[0xe8][0xea]4[0xcf][0xad]u[0xbe][0xc6]a([0xca][0xab]w:g[0xaf]6[0xcf][0x83][0x4]m[0x0][0x15][0xe8][0xd0]Z[0xb9][0xd7]Y:[0xb][0xdd][0xfa]!p[0xe1][0xf3][0xd6][0xe5]_[0x0]y#[0xbe]?[0xbf]s}[0xbd][0xb9]u-4s[0xa8]'[0xc6][0xa0]I[0x86]po[0x8e]:D[0xe][0x88][0xe7][0x9b]D.[0x11][0x9][0xe8]u[0xd7][0x15][0xca][0x8d]D`[0xc]a[0x4][0xd9]P[0x90][0xdd][0xf6][0xd3][0x9b];[0x9b][0xbf][0xb5].}[0xd1][0xbc]~[0xb3][0xbd]u[0xb7][0xf3][0xcd][0xfa][0xce][0xe6][0xaf][0xd0][0x12][0xb1]0[0x80]a[0x1f][0xf5]\7[0x18]E[0xd6]F[0x85].[0xc1][0xbf][0xe9]|[0x15][0xf8][0xe7][0xc8][0x7][0x1f][0xe0][0xa9]K[0xff],[0x81][0xe4]-[0x11][0xfc][0xa0]n>[0xd0][0xdf][0x83][0x80]'@[0xfa][0x97][0x3][0xa3]v[0xd3]\[0xbb][0x2].[0xbf][0xf][0xe0][\n]"
2017-08-06 11:09:15  [ Spider-3:1381 ] - [ DEBUG ]  http-outgoing-0 << "I[0xc0][0x15][0x14]M[0xcd])[0xba][0xa2][0x3][0xd6]d5[0xf][0xfa][[0xd7][0xb3][0xc6]@[0x96]O[0x98]:vX[0x0]>[0xe0][0xdb][0xb6] b4G[0xea] [0xc9][0x9f]_[0xea][0xfc][0x84]77[0xec][0xf8][0x19][0x8e][0x98][0x8b][0x88]P[0xfa][0xf1][0xb3].[0x8e]Z_\m[0xfe][0xbd][0xd4][0x1d][0xca]<[F[0x0][0xfc][0x1c]0[0x9f]]2[0xb7][0xc1][0xc7]~[0x18][0x85][0x8]>[\r][0x2][0xdb][0x99][0x8b][0xe6]B[0x9a]x+~[0xfc][0xe4]q[0x2][0xe7][0xe2][0xf3]&[0xf8][0xc2][0x9f]`O[0xc0][0x90]2m[0x16]F8`h[[0x17]W[0xe3]^[0xe7][0xd6]U[0xf0]q[0xe1] [0xd0][0xd5][0xda]<[0xc7][0x14]V[0xa4][0x9c]Z?o[0xb4].[0xaf][0xef]\[0xb][0xf9][\n]"
2017-08-06 11:09:15  [ Spider-3:1382 ] - [ DEBUG ]  http-outgoing-0 << "[0x8d]5[0xba][0xb6]W[0xee][0x82][0xb9]j.[0xaf][0xa2][0xf5][0x12][0xa6][0x9c][\r]i=[0xb8][0xd8][0xfe][0xfd]Z[0xbc][0xcf][0xc1][0xe6][0xed]?[0xda][0xde][0xd9][0xf9][0xe1]I[0xf3][0xf1]][0x14]W[0x10][0x8a]P[0xbd]7WV[0xc1][0x1f][0x1c][0x14][0x91][0xb]6[0xf8]X[0xd1]v![0xa6][0x0][0x88]D[0x9e]A[0x1f][0xe9]H[0xd7][0xcc]0[0xdc][0xc5][0xff][0x87][0xf0][0x8b][0xb3][0x5][0xb2][0x1][0x8a][0x83]1[0xf7][0x82][0xdd][0x4][0xa3][0xa8][0xe7][0xb3]j[0x1e]@[0x96]+[0xe4][0x94]B[0xb6][0x90][0x8a][0xb1][0xe7]:[0xa7][0xaa]h[0xba]Q[0xc8][0xe1][0x9c][0x86][0x9a][0xd3]a^c[0x0]`?o[0x16]4[0xbd]X[0xd4][0xe4][0xa2][0xaa][0xa8]E5[0xab][0xa7]s[0xf0][0x9c][0xe7][0xd4][0xb3]yE)[0xc8]0[0xa1][0xa6][0xe4][0xf2]z[0xfe][0xff][0xd8]k[0xd5][0x80]x_[0xd7]eT*[0x85][0x2][0x9c]w[0xf6][0x99]4[0xb][0xca][0xb]4[0x97]V([0x2][0xba]r[0xca] [0xa6]r/[0xc3]y[0x9e]i3n[0x8d].[0xdc][0x87]F[0xd0][0x1e] Sa[0x88][0x8d][0xee][0xc][0x4]V [0xa7][0x10] G[0x8e][0xf][0xf3]SY|[0xca]TQ[0xf3]<([0xc6]e2E[0xcc][0x1a][0xa9]R[0xd3][0x1][0x1d][0x85][0xb2]9[0xf2]B[0x81]V[0xd4][0x14]C[0xcb][0xca]EP[0xe2][0xa0][0xd6]w[0x91][0xaf][0x81]v[0x2][0x9c]V[0xe6]T[0x6][0x98][0x8c][\n]"
2017-08-06 11:09:15  [ Spider-3:1383 ] - [ DEBUG ]  http-outgoing-0 << "[0xce][0x4]L[0xe1]67[0x1e][0xb6][0xbe][0xbc][0xb2][0xfd][0xf8][0xf6][0xf][0x18][0xd1]17-[0x8b][0x88][0x9]^[0xc6][0x6]L[0x2][0xc1][0x97][0x8][0x10]k[0xd1][[0xf2]bU[0x93][0xaa][0x15][0xc1][0xc9][\n]"
2017-08-06 11:09:15  [ Spider-3:1383 ] - [ DEBUG ]  http-outgoing-0 << "U[0x93]V4[0xb2]z.[0x9f][0xe][0xdd][0xe4]n[0x89]X[0x84][0xa3]bc[0x15][0x1d][0xa9][0x95]M[0xe6]]E[0x86][0x9c][0xbd][0x5][0xc0][0xec][0xac][0xad]m?[0xbe][0xd4]Z[0xbb][0xc5].H[0xd0]Azt[0x19][0x1e][0xc0][0x86][0xa2][0x9b][0x12][0x5]@[0xe0] ?z[0xcc][0x9d][0xf2][0x90][0x14]xV[0x3][0xc7]:[0x1e][0xad][0xb9][0x1][\r]w[0xd6][0xf5][0xec]9[0xdb][0xe9][0xb1][0x8]c[0xc7][0xa8][0xd9][0x8][0xec]J[0xa3]z[0x82][0xd2][0x0]#[0x92]I[0x18][0x81][0xb1][0x16]sL[0x8][0xb3][0xe8][0xcc]X'[0xfc][0x91][0x1b][0xf7]![0x98][0x19][0x98][0x1a][0x11][0x9f][0xd6][0xf5][0xa7] G`_[0x98]s[0x88][0x1e][0xd0][0xde][0xa1]X[0xeb][0xc6]R[0xf3][0xca][\n]"
2017-08-06 11:09:15  [ Spider-3:1384 ] - [ DEBUG ]  http-outgoing-0 << "s[0x13]c7[0x81][0x83][0xb8]i8o[0xbd][0x1][0x86][0x90]/[0xbd]f[0xfa][0x1][0xf5]^0ttC[0x81][0x86][0xac][0xe5][\r][0xc3][0x0]h[0xef][0x17]3[0xf0][0x8b]`q#ybq[0xda][0x9e]s[0xcc][0xa0][0xe1][0xd1][0xee]e[0xe6][0x1e][0xf7][0x9c][0xc9][0xfb][0xec][0xf0][0x1e][0xd3]v*[0xee],[0xfc],[0x9f]N[0xe4])1[0xf7][0x88][0xb9][0x96][0x92][0x19][0xd0]9[0x88][0x9a]Rh[0xbc][0xe6][0x4][0xde][0xe2][0x8c]9[0xb7]/[0xf9][0xa1][0x89][0xee][0x95][0xf7] [0xcc][0x85][0x3][0x1d]z&[0x98][0x85][0xbd]_[0x88]u[0xe0][0xdf][0xec][0xfe]>[0xed][0xee]V[0xdc]MOR[0xbf]<4[0x81]O[0xd4]"G[0x8][0xd3]%[0x82][0xb4]la[0xa1][0xc0][0x4][0x1e][0x82][0xac][0xe4]e-K[0x14]uL[0xcf][0x8b][0xb][0xa3][0xc3]&[0xbb][0xa1][0x96][0xf6][0xb9][0xa1][0x96]v[0xc9]T[0x92][0xce][0xf7][0xe7][0xda][0xbf]of[0x92][0x93][0xce]b[0xf1][0xc][0x0][0xae][0x81][0x99][0xc2][0x91][0x91][0x11]>[0xdb]0a[0xc9][0x81][0xde][0xde][0xa8][0xcb][0xa8][0x13][0xa4][\r][0x10][0xc][0x92][0x1][0xd3]dH[0xf][0xe8][0xf2][0xeb][0xf4][0xde][0xf4][0xd1][0xc4][0xce][0xdf][0xdf][0xb6][0x9f]|[0x15]2.V>t`[0x88][0xb8]N[0xb9]j[0x97]O[0x8f][0xf][0x1d][0xb5][0xac][0x19][0xf7][0xfd][0x8f]2|[0xfc][0xf0]![0x8f][0x2][0xdc][0x1c][0xc2][0xd2][0xf3]C[0x13][0xad]o[0x1e][0xb6][0xbf][0xe3])Z~ [0xdd][0x87][0xfd][0xeb][0x4]L[0xe4][0xa2][0xc4]V[0xeb][0x8f][0x7]^[0x83][0x1e],[0x9f]B<[0xce]MY[0xe3][0xba]V0[0x8a][0xd9][0x83]a[0xbd][0x0]`m*Z[0x85][0xe8]s[0xb4]^[0x1f]OV[0x1a][0x88]7[0xef][0xfa][0xd4];[0xde][0x80]uK[0x86][0xa6]V[0xca][0xe5][0xa2]%[[0xba]Ie[0x9a][0x83][0x8][0xbd][0x90]5[0xca][0xb2]Y.[0x18][0xba]U[0xac][0x18][0xba]Y[0x96][0xa2]9J[0x1e][0x5]tX[0x93][0xf0]g\B[0x88][0x8c][0xe6]G[0x1]![0x8][0x90]1E[0x91][0xe]U][0xd3]z[0xf][0x8e][0xb2][0x84][0x7][0x93][0xe9]r6[0x1c][0xaf]Tx[0xa9]/[0xb1][0xcc][0x12],[0x84][0xa5][0x86][0xfe]Y:[0xcb]N[0x1d]#[0x92][0x1f][0xee][0xc5][0x13][0xd1][0xa2][0xb4][0xe0][0x15][0xe][0x0][0x9f][0x15][0x18]$[0x4]K[0x16][0xef][0xe4]z[0xd5],[0xd3]y[0xb7][0x1a]V[0x14]p[\n]"
2017-08-06 11:09:15  [ Spider-3:1385 ] - [ DEBUG ]  http-outgoing-0 << "[0x3][0x94]f[0xb0][0xe1]'L[0x7][0x14][0x97][0x7]"[0xe3][0xd0][0xf][0xc3][0x94]S)[0xf1]"3|([0xd9]s[0x4][0xb6][0x19]f[0x12][0x87][0x95]Q[0x12]k[0x16],J[0x2][0xba][0x15][0xd7][0x83][0xc8][0x94][0x89][0xba]h[0xc][0xdb]b%[0x14][0xc9]v[0x96][0xb1][0x89][0x8][0xc1]7[0x9f]kz[0xde][0xfd]P[0xea][0xd3][0x13][0xd1]L[0x8e][0xb9] MD[0x2]$[0xe1][0xc3],[0xe0][0xd8][0xa3][0xfe][0xfc]l`[0xd7]}[0x1c][0x1a][\n]"
2017-08-06 11:09:15  [ Spider-3:1385 ] - [ DEBUG ]  http-outgoing-0 << "O$[0xda][0xdd]-[0x19][pm[0xb][0x97]"E[0x90][0x97]8[0xc2][0xdf]a$8[0xf][0x98][0x9b][0xcf]`7[0x9c][0xa2][0xea][0x9c][0x9e]M[0xbe][0xf6]%[0xe2]5@[0x13][0xc3][0xf4][0xd4][[0xa0][0x1e][0xae][0xdc][0x86]v[0xdb][0xaa][0x81][0x91][0x19][0x97]0[0x9d]g[0x97][0xa5][0x89][0xe6][0x85][0xbf][0xc0][0xf7]c[0xc7][0x1f][0x9e][0xac]`[0xe9][0xc0][0xae][0xc][0x9c][0x84][0xcd][0xc7][0x99][0xf9][0xd8][0xce][0xad][0x7][0xe0]"&[0xc7][0x2][0xbc][0xa4][0x9]V[0xc1][0xd1][0xb9][0xf5][0xb0][0xf3][0xe9][0xbd][0xb8]<[0xa6][0x9e][0xc][0xcb][0x86][0xdb][0xe]p[0x9a]f8$[0xd3][0x9a]E[0xf0][0x8]Et[0xca]=[0xc3]V.[0xda][0x1b][0x8][0x85][0xf8][0xdb][0xfe][0xe9][0xb0][0xab][0x96][0xd2][0xee][0xd6][0xc5]pTMi[0xe7]*[0xcc][0xb3][0xda][0xc5][0xcf],P[0xb][0xad]TJ[0xff].1[0xac]1[0xf0][0xf7][0xa2][0xa8]=3[0xc5][0xd3][0xa7]R[0xde][0xbf][0xe]`[0x0][0xa3]8[0xe3]Z[0xe6][0xe2][0xde][0x14][0xe3][0xe2]([0xf5][0x88]#J[0x2]z9[0x15][0xfb][0xcc]I[0x9e]r[0x84]sfm>[\r]f[0xec][0x1a]u[0x1b]A[0xa6][0xd2]p[0xca]X*F2[0xc3][0xe4]cb;ep[0xd3]`[0xd3][0xd3][0xb5][0x10][0xf9][0xe4] 1[0x14]A[0xc5][0xa2]U[0x1b][0xc0]x[0xd4][0x9a][0xd1]2}m%5[0xa5][\r][0xfb]a[0xb]kGm[0xf7][0x16]l[0xe9]Q[0xc7]z[0xe3]T[0xd4][0x1b][Q[0xdd]F[0xbe]G[0xf4][0xe6]Mx[0x83]K[0x99][0x2][0xab][0xc]w"[0x13])s^[0xf6][0x15][0xb2][0x19]>s[0xfd][0x1d]=[0xb][0x8d]-h[0x1d][0xa7][0xc1]I0[0xff]o[0xc1][0x9e]![0xc9]L[0xca][0xf0]8[0xd5][0x98][0xe2][0x8e][0xf3][0xf9]v=x[0x17][0xf]3$[0x11]#[0x1d]?[0xc1][0x1e]&[0xe3][0x8c][0xf5][0x93][0xe][0xf7]&Q[0x1e][0x16]sJz[0xb4]>/[0x1][0xe2]Y[0xf9][0x9e][0x97][0xb1][0xda]![0xb2][0xfd]hs{[0x8b][0xdf]t[0xc6][0x8c]B[0xbc][0xd4][0xc8][0xb7]-z[0xcc][0xf4]z[0xca][0x89]x[0xeb][0x9]Q[0x99][0xd4]_[0xac][0x15][0xf3][0xb7]P8[0xa6][0x2]Zc[0x85][0xbf]z[0xe4][0x86][0x99][0xa1]r[0xe3][0xf9][0xfc][0xe6][0xb9][0xb5][0xe6]W[0xcb][0x87]G[0xe7][0xf5][0xbe][0x1a]5[0x19][0x9][0xc]hh[0x4]F[0x10]=[0x99][0xa4][0xa1][0x88]6,[0x91][7[0xab][0xb0]+[0xa1];[0x98][0xb4]u[0xa2]][0x84][0x82][0x96][0xed][0x83][0xd9][[0x1c]s`[0x85][0xcf][0xc8][0xcb]$[0xad][0x98][0x8d]*[0xb8][0xb4][0x8c]d[0x9c][0xad]XE[0x6][0xe3]kr[0xea]=V[0x86]G+[0x1][0xaf]v[0x8e]4[0xa6][0xa8][0x11]Ir[0x8a]G[0x1]qj[0xa3][0xe6]<#[[0xd3]0[0xb0][0x14][0xe]LnTX[0x17][0x2]|t[0xd9][0xea]AP[0xec][0xf0][0xd3]![0xc6];[0x90][0xed]'[0xbf][0xb6][0x9f]l[0xb4]~[0xfe][0x92]aKt[0xde][0xa3][0x1e]"[0x5][0xab][0x83][0x8c][0x12][0x1b]Rq![0x8e][0xe4][0xfb][0xd4][0x3][0xc8][0x92][_[0x84][0x0]k> [0xaf][0x96][0xe1][0xf1][0x10][0xfa]X)[0x15][0xde]i[0xc2][0x84]4[0xd3][0xcb][0xf6][0xdc][0x1a]%[0x98][0xf6]\[0xff]q{[0x3]o{1[0xc][0xc4][0x4]Xw[0xb5][0x87]GE[0xf5][0xe6]([0xaf][0x87][0xff][0x17][0x0][0x0][0xff][0xff][\r][\n]"
2017-08-06 11:09:15  [ Spider-3:1386 ] - [ DEBUG ]  http-outgoing-0 << "a[\r][\n]"
2017-08-06 11:09:15  [ Spider-3:1386 ] - [ DEBUG ]  http-outgoing-0 << "[0x3][0x0][0xcb]([0xfe]@#/[0x0][0x0][\r][\n]"
2017-08-06 11:09:15  [ Spider-3:1387 ] - [ DEBUG ]  http-outgoing-0 << "0[\r][\n]"
2017-08-06 11:09:15  [ Spider-3:1387 ] - [ DEBUG ]  http-outgoing-0 << "[\r][\n]"
2017-08-06 11:09:15  [ Spider-3:1389 ] - [ DEBUG ]  Cancelling request execution
2017-08-06 11:09:15  [ Spider-3:1389 ] - [ DEBUG ]  http-outgoing-0: Shutdown connection
2017-08-06 11:09:15  [ Spider-3:1390 ] - [ DEBUG ]  Connection discarded
2017-08-06 11:09:15  [ Spider-3:1390 ] - [ DEBUG ]  Connection released: [id: 0][route: {}->http://www.cnblogs.com:80][total kept alive: 0; route allocated: 0 of 50; total allocated: 0 of 1000]
2017-08-06 11:09:15  [ main:1644 ] - [ DEBUG ]  going to scan these urls:
jar:file:/E:/MAVEN/m2/repository-jeecg/com/geccocrawler/gecco/1.0.8/gecco-1.0.8.jar!/
2017-08-06 11:09:15  [ main:1661 ] - [ INFO ]  Reflections took 15 ms to scan 1 urls, producing 3 keys and 6 values 
2017-08-06 11:09:47  [ main:0 ] - [ DEBUG ]  going to scan these urls:
file:/D:/eclppj/BlogGecco/target/classes/
jar:file:/E:/MAVEN/m2/repository-jeecg/com/geccocrawler/gecco/1.0.8/gecco-1.0.8.jar!/
2017-08-06 11:09:47  [ main:188 ] - [ INFO ]  Reflections took 179 ms to scan 2 urls, producing 30 keys and 128 values 
2017-08-06 11:09:48  [ Spider-0:1145 ] - [ DEBUG ]  match url : http://www.cnblogs.com/boychen/p/7226831.html
2017-08-06 11:09:48  [ Spider-0:1168 ] - [ DEBUG ]  downloading...http://www.cnblogs.com/boychen/p/7226831.html
2017-08-06 11:09:48  [ Spider-0:1218 ] - [ DEBUG ]  CookieSpec selected: default
2017-08-06 11:09:48  [ Spider-0:1237 ] - [ DEBUG ]  Auth cache not set in the context
2017-08-06 11:09:48  [ Spider-0:1240 ] - [ DEBUG ]  Connection request: [route: {}->http://www.cnblogs.com:80][total kept alive: 0; route allocated: 0 of 50; total allocated: 0 of 1000]
2017-08-06 11:09:48  [ Spider-0:1269 ] - [ DEBUG ]  Connection leased: [id: 0][route: {}->http://www.cnblogs.com:80][total kept alive: 0; route allocated: 1 of 50; total allocated: 1 of 1000]
2017-08-06 11:09:48  [ Spider-0:1273 ] - [ DEBUG ]  Opening connection {}->http://www.cnblogs.com:80
2017-08-06 11:09:48  [ Spider-0:1280 ] - [ DEBUG ]  Connecting to www.cnblogs.com/101.37.225.58:80
2017-08-06 11:09:48  [ Spider-0:1305 ] - [ DEBUG ]  Connection established 192.168.1.101:6432<->101.37.225.58:80
2017-08-06 11:09:48  [ Spider-0:1306 ] - [ DEBUG ]  http-outgoing-0: set socket timeout to 3000
2017-08-06 11:09:48  [ Spider-0:1306 ] - [ DEBUG ]  Executing request GET /boychen/p/7226831.html HTTP/1.1
2017-08-06 11:09:48  [ Spider-0:1307 ] - [ DEBUG ]  Target auth state: UNCHALLENGED
2017-08-06 11:09:48  [ Spider-0:1308 ] - [ DEBUG ]  Proxy auth state: UNCHALLENGED
2017-08-06 11:09:48  [ Spider-0:1313 ] - [ DEBUG ]  http-outgoing-0 >> GET /boychen/p/7226831.html HTTP/1.1
2017-08-06 11:09:48  [ Spider-0:1316 ] - [ DEBUG ]  http-outgoing-0 >> User-Agent: Mozilla/5.0 (Windows NT 6.1; WOW64) AppleWebKit/537.36 (KHTML, like Gecko) Chrome/45.0.2454.85 Safari/537.36
2017-08-06 11:09:48  [ Spider-0:1316 ] - [ DEBUG ]  http-outgoing-0 >> Cookie: 
2017-08-06 11:09:48  [ Spider-0:1317 ] - [ DEBUG ]  http-outgoing-0 >> Host: www.cnblogs.com
2017-08-06 11:09:48  [ Spider-0:1317 ] - [ DEBUG ]  http-outgoing-0 >> Connection: Keep-Alive
2017-08-06 11:09:48  [ Spider-0:1317 ] - [ DEBUG ]  http-outgoing-0 >> Accept-Encoding: gzip,deflate
2017-08-06 11:09:48  [ Spider-0:1318 ] - [ DEBUG ]  http-outgoing-0 >> "GET /boychen/p/7226831.html HTTP/1.1[\r][\n]"
2017-08-06 11:09:48  [ Spider-0:1318 ] - [ DEBUG ]  http-outgoing-0 >> "User-Agent: Mozilla/5.0 (Windows NT 6.1; WOW64) AppleWebKit/537.36 (KHTML, like Gecko) Chrome/45.0.2454.85 Safari/537.36[\r][\n]"
2017-08-06 11:09:48  [ Spider-0:1319 ] - [ DEBUG ]  http-outgoing-0 >> "Cookie: [\r][\n]"
2017-08-06 11:09:48  [ Spider-0:1319 ] - [ DEBUG ]  http-outgoing-0 >> "Host: www.cnblogs.com[\r][\n]"
2017-08-06 11:09:48  [ Spider-0:1319 ] - [ DEBUG ]  http-outgoing-0 >> "Connection: Keep-Alive[\r][\n]"
2017-08-06 11:09:48  [ Spider-0:1320 ] - [ DEBUG ]  http-outgoing-0 >> "Accept-Encoding: gzip,deflate[\r][\n]"
2017-08-06 11:09:48  [ Spider-0:1320 ] - [ DEBUG ]  http-outgoing-0 >> "[\r][\n]"
2017-08-06 11:09:48  [ Spider-0:1355 ] - [ DEBUG ]  http-outgoing-0 << "HTTP/1.1 200 OK[\r][\n]"
2017-08-06 11:09:48  [ Spider-0:1355 ] - [ DEBUG ]  http-outgoing-0 << "Date: Sun, 06 Aug 2017 03:09:46 GMT[\r][\n]"
2017-08-06 11:09:48  [ Spider-0:1356 ] - [ DEBUG ]  http-outgoing-0 << "Content-Type: text/html; charset=utf-8[\r][\n]"
2017-08-06 11:09:48  [ Spider-0:1356 ] - [ DEBUG ]  http-outgoing-0 << "Transfer-Encoding: chunked[\r][\n]"
2017-08-06 11:09:48  [ Spider-0:1357 ] - [ DEBUG ]  http-outgoing-0 << "Connection: keep-alive[\r][\n]"
2017-08-06 11:09:48  [ Spider-0:1357 ] - [ DEBUG ]  http-outgoing-0 << "Vary: Accept-Encoding[\r][\n]"
2017-08-06 11:09:48  [ Spider-0:1357 ] - [ DEBUG ]  http-outgoing-0 << "Cache-Control: private, max-age=10[\r][\n]"
2017-08-06 11:09:48  [ Spider-0:1358 ] - [ DEBUG ]  http-outgoing-0 << "Expires: Sun, 06 Aug 2017 03:09:56 GMT[\r][\n]"
2017-08-06 11:09:48  [ Spider-0:1358 ] - [ DEBUG ]  http-outgoing-0 << "Last-Modified: Sun, 06 Aug 2017 03:09:46 GMT[\r][\n]"
2017-08-06 11:09:48  [ Spider-0:1358 ] - [ DEBUG ]  http-outgoing-0 << "X-UA-Compatible: IE=10[\r][\n]"
2017-08-06 11:09:48  [ Spider-0:1359 ] - [ DEBUG ]  http-outgoing-0 << "X-Frame-Options: SAMEORIGIN[\r][\n]"
2017-08-06 11:09:48  [ Spider-0:1359 ] - [ DEBUG ]  http-outgoing-0 << "Content-Encoding: gzip[\r][\n]"
2017-08-06 11:09:48  [ Spider-0:1359 ] - [ DEBUG ]  http-outgoing-0 << "[\r][\n]"
2017-08-06 11:09:48  [ Spider-0:1360 ] - [ DEBUG ]  http-outgoing-0 << "4be[\r][\n]"
2017-08-06 11:09:48  [ Spider-0:1360 ] - [ DEBUG ]  http-outgoing-0 << "[0x1f][0x8b][0x8][0x0][0x0][0x0][0x0][0x0][0x0][0x3][0xac]V[o[0xd4]F[0x14]~[0xe][0x12][0xff]a[0xb0]d[0xd1][0xaa]x[0x9d][0xcd][0x12][0xb2]K[0xe3]E[0x9b][0xec][0x86][0x84]lB[\n]"
2017-08-06 11:09:48  [ Spider-0:1361 ] - [ DEBUG ]  http-outgoing-0 << "[0x4][0xd1][0xbc][0xac][0xc6][0xf6][0xec]z6[0xe3][0x19][0xd7]3{[0xcb][0x1b][0xa5][0x17][0x90][0xa8]P[0xab][0x8]U[0xd0]V[0x14][0xaa][0x8a]V[\r]E[0xea]-[0x15]U[0xfb]gb[0x92]<[0xf5]/t[0xc6][0xf6]&[0xbb]!(A[0xaa][0xfc]0[0xe3]3[0xe7][0x9c][0xef];[0x97]9[0xf6][0xc9][0x13][0x93][0xa7][0xca][0x97][0xa7][0xaf][0xbd][0xbf]T[0x1][0x9e][0xf0]I[0xf1][0xe4][0x89]I[0xb5][0x2][0x2]i[0xc3][0xd2][0xd6]<[0xc3][0xa1]Z,D[0xd0]U[0xab][0x8f][0x4][0x4][0x8e][0x7]C[0x8e][0x84][0xa5][0xb5]D[0xdd][0xc8]k[0xe6][0xde][0x1][0x85]>[0xb2][0xb4]6F[0x9d][0x80][0x85]B[0x3][0xe][0xa3][0x2]Q[0xa9][0xd8][0xc1][0xae][0xf0],[0x17][0xb5][0xb1][0x83][0x8c][0xf8][0xe5][0xc][0xc0][0x14][0xb][0xc][0x89][0xc1][0x1d]H[0x90][0x95][0xd5]@[0xec]G`AP1[0xfa][0xea])[0xc1][0xb4][0xd5][0xdd][0xda][0xdc][0x88][0x9e][0xdd][0xd9]y[0xf2]q[0x3][0x8b][0xff][0xba][0x1b][0xfd][0xf9]{[0xf4][0xfc][0x93][0xad][0x17]O[0xb6][0x1f][0xdd][0x8c][0xee]}[0x1e]m[0xde][0x8a]n?[0x97]G^[0xcb][0x6][0x6][0xd8][0xfd][0xf0][0xc9][0xd6][0xe6][0x8f][0xdb][0xeb]D[0x1b]?D[0xdf][0x8e][0xbe][0xbe]'[0x85][0xd1]g[0xf][0xa2]g[0x8f][0xa3][0x87][0x1b][0x93]f[0xe2]ZbH[0xd7][0xab]@[0xf4][0x2][0xc9]U[0xa0][0xae]0[0x1d][0xce]5[0x10]"bi\[0xf4][0x8][0xe2][0x1e]B[0x92][0xbc][0x17][0xa2][0xba][0xa5][0x99]v[0x8b][0xba]Rf[0xda][0x84]5[0xc][0x87][0xf9]>[0xa3][0x19]ip[0xa1]m[0xf9][0xb5][0x99][0x1b]~g-[0xd7][0xe9][0xae]0[0xe4],w[0x16]+[0xf3]c[0xb9][0xa5][0xd2][0x9a]c4[0xb]m[0xfb]Fm[0xfa][0xdc][0x82]M.[0x8d][0xb3][0xd6][0x82][0x93][0x95]IJq[0xb1]ki[0xb][0x10][0xd3]i[0x5]z\[0x12]|[0x15]Sn:[0xac]^G(ed$o)[0x97][0xd9][0x89][0xa5][0xdc][0xda]r[0xae][0xb6]0>VX[0x14][0xd5][0xeb]^au~[0xb9]z[0x9][0xae]T[0xcb][0x17][0xdb][0x85][0xf7][0xd6]j[0xd5][0xda]u[0xb7][0xd1][[0xcc].[0x9d]=[0xc0][0xc5]g6[0x96][0xde]bP[\r][0xf8][0xc8][0xc5][0xd0][0xd2][0x18]%=[0xc0][0x9d][0x10]![\n]"
2017-08-06 11:09:48  [ Spider-0:1361 ] - [ DEBUG ]  http-outgoing-0 << " u[0xc1][>[0xec]&u;[0xf]&[0xce][0xe5][0x83][0xee][0xdb][0xff][0x7]w#[0xc1]NC[0xa8][0x96][x[0xce][0x83][0xd7][0xea]s[0xb9][0xb0]:[0xe5][0x94][0xbc][0xcb][0xb][0xa3][0x10][0xce][0xcf]@[0xe8][0xd8][0xd5][0xf1]p%[0x9c]s[0xb9]G[0x16]g/[0xf2]|6[0xe9][0xb9][0xa4][0x8e][0xaa][0xaa][0x96]v[0xe5][0xea][0xd5]>%[0x18][0x4][0x4];P`F[0xcd][0x90][0xf3]w[0xba]>I[0xd9]A"PH[0xa1]@}r[0x9e][0x10][0xc1]y[0xd3][0xec]t:[0x19][0x87][0xaa][\n]"
2017-08-06 11:09:48  [ Spider-0:1362 ] - [ DEBUG ]  http-outgoing-0 << "[0xf3][0x8c],[0xb1]i[0xb3][0x9e][0xe3][0xa1][0xd8][0xfa]0[0xa4][0xf2][0xe1]H[0xee][0x0]R[0xc5][0xc5]b[0xf9][0xca][0xdc][0xb1]q[0xdc][0x8c][0xb2][0xdd]+[0xcc][0xab][0xee];[0xa4][0xe3]C[0x8a][0xeb][0x88][0x8b][0x1][0x98][0x1][0xe9]1[0xa1][0x6],RH[0x19][0x9e][0xac]4[0xe][0x4][0xe0][0xa1]#[0xeb]e[0xf6][0x9b]|[0xc0]:Q0[0x9b][0x1f][0xb4]P[0xd8][0xcb]4[0x87];[0xb7][0x9][0xdb]0Q[0xd0][0x8a][0x93][0xa9]j[0x11][0x80]}[0xbf][0xaf][0xd1]m[0xc3][0x10]8[0xad]0[0x94][0x13]bJ"[0x95][0x82][0x0]X[0xe0]tJ[0xf4][0xf4][0x19][0xe0][0xd8]5D[0xa1]MP[0xcd][0x87][0xc2]k[0xc2][0xae]U[0x87][0x84][0xa3]w[0x95][0x1d][0xe6]U[0xd6][0xc0][0x14][0xb9][0xa9]l[0xf][0xf7]`4[0x87]][0xdf][0xa6]j[0xb7]J[0xd6][0xa8][0xf6][0xc2][0xb5][0xd2][0xe2][0xd4]X[0xd3]^,0_[0xd0][0xe0][0xf2]l7[0x87][0x96]G[0xe7]E[0xae][0xdc][0xc3][0x9c][0xd4][0xbd][0xe5]Q{<[0x90][0xed]vd[0xb8][0x12][0xd6][0xec][0xcf]H[0x9b][0xb9]=[0xb5][0xf6][0xe7][0xa1]`[0x81][0xd2][0x84]R&[0xa5][0xa7][0xc][0xc3]e[0x14][0x19][0x86]Rqq;[0xbe][0x84][0x1e][0xf3][0x91]6$[0x90][0xbe]P[0xa8]D#{2[0x15][0xc2]5[0xd5][0x83][0x89][0x18][0xc6]BBWU[0xf2]d6[0xd8]1;@r[0xc1]~c[0xcf]cb[0x99]$[0xeb]jrU[\H}[0xec][0xc3][0x86]L[0x9c]Ta[0x99][0x6][0xae]k@[0xde][0x1e]K[0xdb][0xf9]g=z[0xf8][0xcd][0xd6][0xe6][0x8b][0xdd]oS#[[0xc5]522"[0x9][0x8d][0x1c][0xc][0xce][0xcb][0x16]S[0x92][0xb3]q4[0xd9]Z[0xb2]&1[0x0][0x87]@[0xce][0xfb][0x91][0xfa]r"[0x8a]D~[0xcc] ^[0x9d][0xf6][0x8a][0x8a][0xac]B6[0xc6][0x1e]S[0xdb][0xb1]8[0xe5][0xea][0x89][0x19]N[0x9a]2[0x95]EE[0x12]Q[0xf7]<[0xd8][0xcb]g[0xfa][0x91][0xd8]~[0xf0][0xd1][0xcb]G[0x9f][0xee]>[0xfe]2[0xfa][0xe2]nt[0xe7][0xe7]d[0xf][0x92]X[0x86]-[0x13][0xce] [0xfa][0xee][0xd7][0xdd][O[0x13][0x8d][0x81][0xda][0xa9]X[0x86]+[0xa7]$[0xd3][0xc9][0xb7]p[0xff] [0x8d][0xbf][0xce][0xc2][0x19][0xc2]:[0xb1]|[0xdf][0x82][0xc2]6n@[0xc1][0x92][0x16][0x88]s[0xdb]"[0xfd][0x93]*[0xe6][0xa9][0x1f][0x82][0xfb])V[0xc1][0xd4][0xe4]Y[0x8d]c[0x81][0xe2]v[0xea][0x3][0xf8][0x88][0xb6][0x8e][0xc8][0xaa]V[0x1c][0xf8]L[0xaa]$J[0xbf][0xaf]q[0xef][0xf7][0xde][0xd4][0xf9]"
2017-08-06 11:09:48  [ Spider-0:1368 ] - [ DEBUG ]  http-outgoing-0 << HTTP/1.1 200 OK
2017-08-06 11:09:48  [ Spider-0:1369 ] - [ DEBUG ]  http-outgoing-0 << Date: Sun, 06 Aug 2017 03:09:46 GMT
2017-08-06 11:09:48  [ Spider-0:1369 ] - [ DEBUG ]  http-outgoing-0 << Content-Type: text/html; charset=utf-8
2017-08-06 11:09:48  [ Spider-0:1369 ] - [ DEBUG ]  http-outgoing-0 << Transfer-Encoding: chunked
2017-08-06 11:09:48  [ Spider-0:1369 ] - [ DEBUG ]  http-outgoing-0 << Connection: keep-alive
2017-08-06 11:09:48  [ Spider-0:1370 ] - [ DEBUG ]  http-outgoing-0 << Vary: Accept-Encoding
2017-08-06 11:09:48  [ Spider-0:1370 ] - [ DEBUG ]  http-outgoing-0 << Cache-Control: private, max-age=10
2017-08-06 11:09:48  [ Spider-0:1370 ] - [ DEBUG ]  http-outgoing-0 << Expires: Sun, 06 Aug 2017 03:09:56 GMT
2017-08-06 11:09:48  [ Spider-0:1371 ] - [ DEBUG ]  http-outgoing-0 << Last-Modified: Sun, 06 Aug 2017 03:09:46 GMT
2017-08-06 11:09:48  [ Spider-0:1371 ] - [ DEBUG ]  http-outgoing-0 << X-UA-Compatible: IE=10
2017-08-06 11:09:48  [ Spider-0:1371 ] - [ DEBUG ]  http-outgoing-0 << X-Frame-Options: SAMEORIGIN
2017-08-06 11:09:48  [ Spider-0:1372 ] - [ DEBUG ]  http-outgoing-0 << Content-Encoding: gzip
2017-08-06 11:09:48  [ Spider-0:1387 ] - [ DEBUG ]  Connection can be kept alive indefinitely
2017-08-06 11:09:48  [ Spider-0:1399 ] - [ DEBUG ]  http-outgoing-0 << "@[0xc9][0xbe][0xbf]/[0xbb][0xe6]([0x4][0xaa][0xfe][0x1e][0xd4]<[0x1b][0x82][0x88][0xc7][0x1d]euFT[0xb2][0x6][0x10][0xb9][0x84][0xc4]C[0x80]j[0xf6].I[0xf]<[0x3]y[0xd0][0xbd][0xc0][0x2]![0xff].[0x8a]/[0xef]?[0xdf]}po[0xfb][0xa7][0xf5][0xa3][0xf0][0xd5]O[0xb]t$>t[0x1c][0xc4][0xf9]*[0xea]YZ[0xe1]M[0xd8][0xf8][0xbc]1<<e[0xcf][0x98]z[0xa5][0xa0][0xe7][0xc7][0xf4]RN[0xaf][0x9c][0xd5][0xa7][0xf2]z[0xa9][0xa4]W&[0xf4][0x82][0xdc]O[0xe8][0x95]q[0xbd]T[0xd6]K[0x5][0xb5][0x99][0xaa][0xe8][0xf9][0xbc][0xda][0x14][0xca]z~F+[0xee][0xdc]\[0xdf][0xfe][0xe5][0xc5]Q[0x9c][0xa1][0xeb][0xcb][0x9e]{[0xb3][0x8c][0xfd][0x7][0x0][0x0][0xff][0xff][\r][\n]"
2017-08-06 11:09:48  [ Spider-0:1400 ] - [ DEBUG ]  http-outgoing-0 << "4f2[\r][\n]"
2017-08-06 11:09:48  [ Spider-0:1401 ] - [ DEBUG ]  http-outgoing-0 << "[0xb4]XMO[0x1b]G[0x18]>[0x83][0xd4][0xff][0xb0][0xa2]RO1[0xd8][0xc6][0xd8][0xd0]"[0x1f]z[0xe9][0xa5][0xed][0xa5][0x97][0xdc][0x90][0xf9]H[0x8a][0xea][0x80]eC+n.[0xc5][0xc6]6[0x1f][0xc6]![0x14][0xc][0xa6]6[0x95]7[0x10]H[0xd6][0x10][0x90][0xbd][0xde]e[0xe3][0x1f][0xd3][0x99][0xdd][0xf5])[0xa1][0xcf][0xec][0xec].kH[0x14]7R[0x11]B[0xf6][0xcc];[0xef][0xf7][0xfb]<3[0xf4][0xd4][0xdf][0x90]N[0x8c][0x9d][0xec][0xa7][0xcc]0>[0xfc][0x8c][0xca][0xb3]cQS[0xfa][0xbb]{[0x90][0xe1]08[0xf0][0x1][0xc5]S[0x16][0xde][0xb8][0xea]c[0x1c]+[0x1e][0xff][0xf0][0xfd]1b![0x9b]Mc[0xf7][0x5]m<[0x3][0xe9]y[0xe1][0xcc][0xf2][0xca][0x1]2;[0xf6][0xc9][0x91][0xe5]x[0xd4][0xc1][0x8d][0x9e]ae[0xda]~Z[0x8a]-[0xa5][0xec][0xb1][0x1c][0xe0]{ z*[0xe5][0x8][0xf4][0xc0]!o>[0x9f][0x10][0xfa]ja:[0x95][0xf8][0xe6][0x8b]A[0xfd][0xcf]u[0xe3][0xa2][0xe6][0x13][0xfc][0xce][0x82][0xd9]X3%[0xc5]'[0x8c]:[0xb][0x1c]u<[0x86]>[0x0]`[0x96]7[0x1c][0x82][0x1e][0xec][0xbb] [0xe2][0xdc][0x82][0x1b][0xb7]f[0xee]\[0xaf][0x15][0x1d]y[0xf]h[0xb1][0x91][0x9b][0x9a][0xc5]%~>[0xfe][0xc0]uW[0x8]L6?[0x93][0xba][0x7]a m[0xeb][0xb4][0x8d]`?[0x7]z[0x97][0xef][0x18]k[0xc0]);[0x88][0xdd]2g[0x1][0xfe][0xd4]r2[0xee]V[0xdd]=[0x10][0xec][0xb3][0xea][0x89][0x91]H0[0x18][0x1e][0x1f][\r][0xc][0xb3]g[0xcb][0xd0]g<[0x1c][0xec][0x8e][0x1c][0xb0][0x99][0xa3][0xb7][0xde]3[0xf1][0xb9]X[0x92][0x91][0xb7]S[0x8][0xef]&s[0xf6][p[0xbd][0x13][0x9c][0x93]%[0xdb]O[0x1e][0xe3][0xb4]%0[0x99][0x88][0xea][0xe2]-X[0xf3][0xbb][0xf9]%zY4[0xca][0x1a][0x9c]"j[0x81][0xd6]_[0xd1][0xdc]![0xfb]}[0xf3][0x92][0xb4]kD[0xc9]r[0xcd][0xb2]f[0xac]5[0x11][0xc]m[0x89]D[0xab] [0x1a][0xd2][0xae][0x9a][0x92]l[0xbc]8#[0xf2][0x16]|g[0xc7][0xb5][0xac]~[0xd0]`2[0xd6]Y[0xc6]^[0xfb]M[0x9a].[0x9b][0xab][\r]*[0x1d][0x92][0xdb]C[0x8]C[0x12][0xeb][0x10][0xd6][0x1b]{[0xc6]E[0x95][0xc8]i[0xc6][0x99]g[0x1b]T)[0xd2][0xd2][0x1][0xf0][0x98]fr[0xf4][0xf2][0xca]|[0xf9][0xbb][0xbe]w[0x3][0x0]0[0xd7][0xcf]i[0xeb][\n]"
2017-08-06 11:09:48  [ Spider-0:1402 ] - [ DEBUG ]  http-outgoing-0 << "G[0x8c][0xaa]h6[0xb2][0xc6]j[0x9b]%[0xef]2k[0xbc][0xdb]&[0xb2][0x86]u;[0x85][0xb9],Q.[0x88][0xbc]M[0xeb][0xa7]Tj[0xfe][0x93]^[0x9d][0x1c]I[0xe0][0xee][0xea]D[0xc9][0xfc][0xba][0xcc][0xb2]X[0xad][0x1a][0xc0][0xc7][0xee]A[0xa7][0xbb][0xbe]I[0x94][0x12]t[0xcc][0x80][0x6][0x17]S[0x91][0xf7][0xb7]9`[0xb2][0x9e][0xdf][0xa0][[0x5][0xda][0xbe][0x99][0xa0][0x99]?[0xdc][0xc8][0xbb][0x99]-C[0x93][0x10]j[0xf7][0xe2][0xc0][\r][0xd5]l^[0xd3]zU[0xcf][0x95][0x88][0xfa][0x9a]h[0x1d][0x84][0xc7][0x2]{S[0xa7][0xf5]5H2[0x9b][0xed][0xe]-[0x15][0x98][0xc7][0xa2]F[0xe4][0x8a])v[0xb8][0xdc]]x[0xf9][0xfe]6O[0xe4][0x82][0xc7]][0x9a];[0xa2][0xaa][0x82][0x9c]c[0x18][0x89][0xda][0xa4]u+[0xde][0xca][0x19][0xd7][0xea][0xe9][0xa0]C~[0xc2][0xdb][0x1a]v[0x95]g[0x16]g[0xd1][0xde]P[0x96][0x9c][0x8b][\n]"
2017-08-06 11:09:48  [ Spider-0:1402 ] - [ DEBUG ]  http-outgoing-0 << "[0xcf]~[0x99][0x9d]O[\n]"
2017-08-06 11:09:48  [ Spider-0:1403 ] - [ DEBUG ]  http-outgoing-0 << "8[0x1]q|[0xb7]'[0x98]Y[0xe2]3[0xed][0xd8]5;G4#[0xf6][0xda][0xed][0xd3][0xc4][0xcc]l[0x1f][0xfa]][0xcf][0x1f][0xd1][0xa3][0x1a][0x91][0x15][0x9e]r[0xbe][0x8a][\n]"
2017-08-06 11:09:48  [ Spider-0:1403 ] - [ DEBUG ]  http-outgoing-0 << "[0xd0][0x92]F[0xd4][0xba]y[0xb2][0x89][0x9b][0x8e]5.[0xfa][0xee][0x16][0xda][0xc]Dc[0xa8]h[0x92]-[0xf4][0x89]^k[0xb1][0xec][0xe6][0xd3]D[0x15][0x91][0x10][0xb3]SF[0xfd][0xcc][0x9b][0x1b][0xba][0xae][0xe8][0xc7]"R[0xc8][0x1a]/[0xd3]Dg[0xa2]y[0xcc]w[0xbb][0x8]g[0x5][0x7][0x8c][0x13][0x89]5[0x9f][0xbc]aj[0x9a]][0xfc][0xcd][0x8c][0x95][0xf9][0xfe][0xc2][0x9b]L%b[0xb][0x82][0xf5][0x8a][0x84][0xc0]b|1[0xf9][0xb5][0xf0][0xa5][0xdf][0xfa][0x19][0x8a][0xf2]([0xa0]J[0x10]V[0x96][0x9f][0x9][0xb8][0xab].[0xc5][0xe2]q[0x96][0x8e][0xc1]A+[0xc]l[0xa5][0x96]g[0x17][0x85]X[0x2][0x9]b[0x9a][0xa2][0xbe][0x8f]*|[0xf2]d([0xfa]t[0xce][0x91][0xf3]*{[0x90][0xdb];V[0xb1][0xd1][0x88]SI[0xd0][0x1f][0x18][0xeb][0x5]%|[0x1a][0x9][0xf8][0xc3][0xe1]p(4[0x82][0xdd][0x88]?[0xe2]|[0xf5][0xf1][0xaf][0xc1][0x90][0xdf][0x1f][0xc][0x8d]E[0xc6][0x2][0x1]_[0xd8][0xef][0x9f][0x98][0x18][0xf][0xfa][0x83][0xc3][0x89][0x85][0xa7]6[0x1d]1[0xa8]I|[0xb4][0x9e][0x86][0xba][0xab][0x1f]Wy[0xee]Q[0x10][0x8c][0xb2][0xdb]>[0x18]w[0xbd][0x92]g[0xf3][0xad][0x1c]u[0xf]w[0xcc][0xfd]"[0xdf]b[0xc2][0xd6][0xc][0x0]?h[0xb1][0x81]b[0xea]U[0xd1][0xa8]l[0xb0][\n]"
2017-08-06 11:09:48  [ Spider-0:1404 ] - [ DEBUG ]  http-outgoing-0 << "Y[0xb3][0xee][0xf6][0x84][0x91][0xcf][0xe9][0x95][0xd7]}[0x15][0x9]i[0xf2][0xc5]&[0xa7][0x93]Q$[0xb]T[0xf2][0xeb]\2[0x85]'[0xea][0xff][0x9c][0xb6][0xd1]`0[0x10][0x18][\r][0xfb][0xb0][0x13][\n]"
2017-08-06 11:09:48  [ Spider-0:1404 ] - [ DEBUG ]  http-outgoing-0 << "[0x8c][0x8e]G&[0xfa]H[0x9b][0x9e]?E[0x93]3/[0xd9]?[0x9b][0x4][0xde][0xf6][0xc]O[0x18]8[0x2]Iv[0x86][0xef][0x8f][0xbe][0x85][0x7]V/[0xb1]1Qv[0xfb][0xca][0x87]c[0xe0][0x13]Cy[0xaf][0xa4].S[0x15][0xec]A[0x91]6m[0xb2]z~[0xc5][0xaa][0xa5][0xbc]0[0x1b]"[0xdd]V9M[0xe9][0xd7]g4[0xbb]I[0xe5][0x1d]Zl[0x81]&PW[0xbe]nh%z[0x9c]F[0xe3];7;[0xbe]l%[0xd6]1e[0x1c][0xc9][0xa4]s[0xc2]5p[\n]"
2017-08-06 11:09:48  [ Spider-0:1404 ] - [ DEBUG ]  http-outgoing-0 << "[0xe0]zh[0xa3][0xcd][0x9b]C{B[0xd4]4i[0xe7][0xba][0xfb][0x12][0xde]<[0x8c]J[\n]"
2017-08-06 11:09:48  [ Spider-0:1405 ] - [ DEBUG ]  http-outgoing-0 << "[0x5][0xb7][0xcf][0x18]p[0x3]_[*-[0xd4][0xf4][0xbd]2[0xe8][0x83]mI1X[0xaf][0xa4]1[0xfe]T[0x96]h[0xe1][0x95][0xd9]h[0x19]{e[0xf3],[0xed][0xc1]W[0x1e]2[0x2][0xa2][0xad][0xb7][0x86]Ztb[0xe6]if([0xad]d[0xb9]CD[0xdd]E[0xb6][0x19][0xe2]l[0x8b][0xe8]M@[0xc]-[0x9e]C[0x9c]G[0xc3][0xe5][0xbd][0x92][0xa0][0x17]k[0x2][0xea]w+[0x99]k[0xdc][0x95]Af[0xbc][0xcd]y[0x8e][0xee][0xf9][0xe1][0xe8][0xe3][0xf][0x11]Z[0xbc]fcp[0xfa][0xfc][0x11]x[0x8e][0xae][0xab]?[0xce][0xfd][0x86]K3X{[0x1e]W[0xa6][0x15][0xcf][0xe9][0xfe][0x1a][0xf9]_[0x0][0x0][0x0][0xff][0xff][\r][\n]"
2017-08-06 11:09:48  [ Spider-0:1405 ] - [ DEBUG ]  http-outgoing-0 << "397[\r][\n]"
2017-08-06 11:09:48  [ Spider-0:1406 ] - [ DEBUG ]  http-outgoing-0 << "[0xbc]Y[0xdb]N[0x13]Q[0x14]}[0xf7]+N[0xe2][0x3]/[0xe][0xcc][0xcc][0x99]+ODM[0xd0][0x18][0x13][0x13][0xfc][0x81]&[0x8c][0xd8][0x4]Zi[0x7][0xe3]cI[0xe4]V.[0x12][0x11][0x13][0x5][0xa9][0x1a]@[0x1f]j-[0x89] m[0xad]|[0x8c][0xcc][0xb4][0xfd][0xb][0xd7][0x9e]3[0x9d][0x16]):[0x89][0x85][0xa6]i;[0xa7][0xe7][0xb2]{[0xce][0xda]k[0xad]=[0x8d][\r]dC[0xc7][0x85]"qM[0xb5][0xc]E[0xd6]y[0xc] [0x87]W[0xfd][0x8d][0xc3][0x96]Up[0x91][0xa4]X[0x86]n[0xc8][0x9a]f[0x18]q2*:[0x1e][0x9c]i[0xf9][0x80]T[0x19][0xde]![0x9f][0xc7][0xbe]BKBH[0x6][0x99]#[0xce][0xa3]y[0xf8]][0xc8][0x5][0xc1][0xa4][0xb4][0xd3]X+[0x9f][0xd6]^C[0xbf][0xd1][0xa7]y[0xb2]MNd[0x1d][0x12][0xbe]'[0xa6][0x12]h[0x12][0xb6]el[0xec][0xe][0xbb][0xe7][0x90][0xa4][0x84][0xf8]_>A+[0xe1][0xa5]NV[0xc7][0x9b]+[0xb6]^[0xd2]0J[0xe5][0xc2]^kv[0xc3][0x9b]G[0x6]U0[0xb]:[0xf8]k[0x9f][[0xb9]Yt;[0xf][0x81][0xc5][0x5][0xf5]#[0x90]7[0x98][0xcd]>nl[0x95][0xbc][0xfa]f s[0xc4][0x13][0xc3]h[0x92]P[0xee]M8)&[0xb9],[0x93]M0[0xe9][0x16][0x1b][0xc0]|[0x9d][0xdf][0x15][0xe4][0xcd][0x0][0xc3][0x18]&&[0x14]C[0x91][0xbb][0xcd][0x93][0x9d]F[0xed][0x8b][0xbf][0xb2][0xe4]m[0xed]4[0xeb][0xfb][0xad]W[0xa5]F[0xed][0x13]Z[0xa2][0x10]b[0x8][0xfb]P&[0x9d]v[0x87]([0xb4][0xa1]6[0x97][0xd0]k[0xef][0xb8][0xac][0xf0]12=M[0xa7]>[0xf0]+[0x87][0xcc][0xcb]1z[0x10]7_?[0xdf][0x83][0xc1][0x9][0xb0][0xf3]?[0x7][0xa3].b[0xae][0xb][0x1]g[0xfe][0x3]p[0xd6]Y[0xc0]Y[0xb2][0xaa][0x18]2[0x97]9[0xb0]&)&[0xf8][0x9b]sM[0x8f][0xa5]|m[0xa9][0x13][0x87][0x5][0xf0]![0xee][0xe4]8*[0xc6][0xc4][0xe0][0x13]d[0xf2][0xc2]J[0xeb][0x1d][0xdd][0xb9][0x11][0xc7]/p$,"A[0xe9][0xed][0xf3][0xe][0x8e][0xfc][0xa5][\r][0xef]G[0xae]3T8[1[0x1]|[0xe][0xe4][0xb3]3[0xcd].<[0xf6]QT"d[0x1d][0xd7]M[0xa6]&[0xa2][0xb5]hN[0xba]+>[0xfa]`[0x94][0xe1]\[0xb2]a[0x13][0xde][0xe8][0x12]z[0x2]![0x15]l[0x16]T8[0x10]Z[0xb9][0xd0][0xed]:[0xeb][0x1b][0xf0][0xb8]8[0x8][0xb2]Z[0xb5]9AX[0x11]9[0xf9][0xef]+[0xfe]j[0xa9][0xb1][0x19][0xc4][0x15][0x88]5Y[0xdb][0xf5]}[0xc8][0x95][0x97]/[0x90]z[0xb5][0xa5]\[0xc][0xf1][0xf][0x97][0x9b]_7[0xbb][0xfb][0xdc][0xf0]v[0xf][0x9a][0xdf][0xf6][0x1a]o~z[0xd5]}JW$E@[0xef][0xde]Z[0x1]~0."[0x9f]&[0xe1][0xb1][0xa2][0xed]"L[0x1][0x88]LzH[0x1e]i[0xa4]#3[0x2]w[0xdd][0xcf][0x0]~[0xdd]a!7@[0x1c]"[0xb8]K[0xb6][0x9][0xba][0xcd]MM1[0x1]2[0xc3]2dK[0xb3]zb[0xac][0xaf]k*[0xb2][0xca]u[0xcb][0xa0]5u[0xc5][0xe0]XW[0x8f][0x1][0xec]~[0x87][0xa0]r[0xdb]V%[[0x91][0x15][[0xd1]x[0xef][0x8][0xfa][0xbc]&[0xd7]LY[0xb6]$,[0xa8][0xca][0x86][0xc9][0xcd][0xab][0xd8]kEG[0xbd][0xcf][0xb9]D[0xa4]bY8o[0xed]J[0x16][0xd5]@^`.[0xd5][0xb2][0x81].C[0x8e]#[0x95][0x13][0xce]y[0xc1]f[0xa1][0x1a]-[0x96][0xd1][0x8][0xf6]@N[0x5]%6[0xd9][0x19][0x14]V[0xc8]S[0x14][0xc8][0x91][0xf1][0x11]>U[0xd4][0xa7][0x82][0x8a][0xbc]y[0x10]c[0x9e][0xdd]e[0x89])6[0xe9]$R[0xe0]([0xca][0xcd][0xc1]K[0x5][0x9a][0xad][0xca][0xba][0xaa]I6H[0x1c][0xb4]~A~[0xc5][0xda][0x9][0x98]Va*][0xfa]3[0xca]}[0xe6][\n]"
2017-08-06 11:09:48  [ Spider-0:1406 ] - [ DEBUG ]  http-outgoing-0 << "[0xc2][0xf5]*G[0xfe][0x8b][0xf5][0xd3][0xea][0xee][0xff][0x17][0x8c]d[0xcc][0x13][0xe3][0xe3][0xac][0xbd][0xc0]5j[0xa0]?[0x81][0xf0][0xd6].[0x10][0xa7][0xa2]o[0xd9][0xe5]R[0x93][0xa2][0xda]0Y[0x1]5[0xa9][0xb6][0xae]q[0xc3][0xec][\r][0xdd][0xb3][0xbb][0xd5][0xae]EBTT[\n]"
2017-08-06 11:09:48  [ Spider-0:1406 ] - [ DEBUG ]  http-outgoing-0 << "d[0xa4][0xd6]j[0xc2]]EB.[0xbe][0x5]`[0x1a][0xc5][0xe2]iu[0xc5]/~[0x10]7H[0xc8] [0x1d][0xaf][0xe2][0x3]4[0x94]lJT[0x0][0xc1] [0x1f]WCS[0x1e]L[0x5]g[0x15][0xbb][0xd6][0xc9]8Si[0xd7][0x9]v6[0x9d]IN$S([0xc2][0xf0]M'1[0xe3]&[0x1f][0xcd]L[0xde]w[0x1c][0x97]*[0x92][0xdb][0x18]A[0xb5][0x96]0&L([0xba][0x10][0xeb]3~d[0xbb][0x8c]b&[0x9c][0xed]7[0x0][0x0][0x0][0xff][0xff][\r][\n]"
2017-08-06 11:09:48  [ Spider-0:1407 ] - [ DEBUG ]  http-outgoing-0 << "500[\r][\n]"
2017-08-06 11:09:48  [ Spider-0:1407 ] - [ DEBUG ]  http-outgoing-0 << "[0xb4]ZKo[0x1b]7[0x10]>[0xf7]_[0xb0][\n]"
2017-08-06 11:09:48  [ Spider-0:1408 ] - [ DEBUG ]  http-outgoing-0 << "[0xd0]][0x1]^K[0x96][0xbc][0xf5]SB[0x1d][0xb9]H[0x85][0xc4][0xa9]Q+[0xe9]Q[0xa0][0x97][0x94][0xb5][0xb0][0xb4]+[0xec][0xc3][0xb1][0x12][0x4]HQ[0x4][0x8]zh[0x1b][0xa0][0xe8][0xfb][0xd0][0x9c][0x9a]C[0xd1][0x9e][0x9a]6H[0xeb][0xfe][0x98][0xda][0xae][0xfd]/:[0xb3]$W\i#[0xc9][0x87][0xc4]@[0xbc][0x1e][0x92][0xc3]!g8[0x1c][0xce]|[0xb3][0xb9][0x11][0xf5][0xef][0xfc][0x87][0xe0][0x1c][0xc1][0xfd]"[0x82]C[0x8c][0x80][0xa6]?[0xc5][0xce]|t[0xf6][0xe5][0xe7]"L[0xd4]2[0x81][0xf3][0x84]i8[0xef] [0x86][0x8b]P.[0xbd]O[0xc3][0x88][0x7]o[0xd8]t[0xaa]v[0x19]~l[0xab][0xb2]b[0xdb]6[0x98][0xf6][0xac]7[0x83]L[0x4][0xab][0x8c][0xe4][0xce]p[0xcf]=[0xf0]h[0x14][0x7]|[0x94][0xcc][0x9c][0x92][0xe7][0xcc][0xe6][0xb3][0x93]<[0xa6][0xeb]u[0xfc]6[0xfc][0xe9][0x1c]f[0xea][0x94]X{[0xc4]ZK[0x83]F[0xfc][0x0]^M9<[0xde][0xf7][0xa2]`[0xd8][0xa2][0x7]3[0xd9][0x17][0xea][0xa3][0x94][0xf7]<[0xc2]%[0x3]=~[0x1c][0xb5]a[0xef][0x8f][0xb4][0xe][0xf2][0xb7][0xc8][0xdf][0xe7][0xe5]nUnz[0x9b][0x87]N[0xa1][0x8e]_[0x9c][0x91][0xf7][0x88][0xf0]%[0x8a][0xb5][0xc5][0x10](PG%X[0xe5][0x15][0xab][0xb2]L[0xca]K[0xeb][0xd5][0x15][0x95]0[0xda][0xa4]"Cm[0xcc][0xc8]P[0x1b][0xaf][0xa9]T[0x92][0xcb]o[0x1f]_[0xfc][0xf6][0xca][0xcc]N[0xda]F[0xf0][0xc][0x18]\[0x8c][0x95][0xc2][0xc5][0xc5]E9[[0x91][0x88][0xe2][0xc0]xo[0xf4]e[0xdc][0x8b][0xf2][0x6]([0x1][0xc9][0x9c]e2[0xe4][0x7]|e:}[0xbc]|T[0xff][0xef][0xaf][0xaf]/N[0x9e]&[0x82][0xab][0x95][0x17][0xae][0x15][0x88][0xef]9=[0xd7]9[0xac][0x15][0xb6][0x18]k[0xf9][0x1f][0xdf]7[0xe5][0xf8][0xe2]F[0xc0][0xc1][0xdc]<"[0xca][0xf3][0x85][0xfa][0xf9]W/.[0xbe][0x91]%Z[0xa9][0x90][0xd1][0xc7]l[0x9c][0x0]E)[0x1a]b[0xb5]a-[\n]"
2017-08-06 11:09:48  [ Spider-0:1408 ] - [ DEBUG ]  http-outgoing-0 << "b[0xbe][0xe0][0xec][0xa3]=[0x1e]4Y[0xad]ZY[0xb5][0xd7][0x96][0x17][0x12][0xbc][0x0][0xd8]Z3][0x85][0xea][0xb3]5[0x18][0xd4][0xb2]H[0x3][0xd5]r'[0xe4][0xc1][0x8d][0x18][0xd6]m[0xd8][0x95][0xa5][0x8e][0xe3][0xac]1[0x8b]U)[0xb7][0xf8][0xbb][0xf0]B_][0xb6][0x1d][0x8b]:[0xab]v[0x95][0xad]u[0xec]*u[0x8c]t[0x8e]F[0xc0][0xc1]:[0xd8]6[0xfc]W3[0xd0]DJ+%[0xb0][0x10]4[0x90][0xf5]r[0xd9][0xd8][0xe8][0xf9][0x94][0xdd][0x5]U6P1[0xe6]H[0xb2][0xa2][0x8e]Txk[0xa2][0xb0],[\n]"
2017-08-06 11:09:48  [ Spider-0:1409 ] - [ DEBUG ]  http-outgoing-0 << ",D[0x94][0x86][0xfe]}[0xf4][0x89][0xd0]:[0xbe]H[0xbe]{[0xae][0x17][0xa2][0x15][0xb4][0xe0]mi[0x0][0xa1][0x0][0x18]d[0xe][0x96][0xa5][0xda][0xac]A[0x8f]:[0xbc][0xeb][0xf7][0x12]D[0x81][0xe4]0[0x7]4C[0xc][0xdf][0xa1][0x1e]8[0xae][0x0][0x8e][0x8c][0xc7][0xef]%%[0xa7]F[0xa6][0xc1],nd{.[0xc2]6[0xc3]LJYf9[0xb3]f%[0xa2][0xa1]L[0xb7][0xe3][0x7][0xf0]2[0x15]G][0x11][0x13][0x9a][0x6][0xa1][0xc8][0xd2]E[0xc5]&e[0x4][0xbf][0xe5]\{][0xff][0x9e]1[0xe1]'[0xd2][0x99]<zd[0xd4][0xd3][0x3]d[0xe0]G[0x1b][0xec]8[0xe0]a[0xb7][0x1d][0xb9][0x83][0x10][0x87]&[0x87]'=[0xda][0xa3]-Y?[0xf2]][0x86]K1R[0x93]7[0xa4][0x85]$XH[0x19][0xb0]6ob7[0x9c][0xa2][0xe7][0x1d][0xb6][0xb3][0xcd][0xa1]A[0x82][0x18]<1L[0xcf][0x83]#[0x1e][0xe0][0xca]][0xa0][0xbb][0xac][0xf][0x97]L[0xcd][0xc0]r[0x9e][0xeb][0x18][0xf5][0xb3]'@[0xec]'[0xd4][0x9f]hV[0x89]t[0xed][0xb5][0x2][0xec][0xc2][0xe6][0xe3][0xcc]r[0xec][0xe5][0xb3][0xdf]!D[0xcc][0x8e][0x5][0xf3]2[0xea][0x2][0xc1]q[0xf9][0xec][0xc5][0xe5][0xa7][0xcf][0xf5][0xf3][0x98][0xab][0x19]Q[\r]w=[0x90]4[0xef][0xe2]0(k[0xa3][0xf1](G[0xb4][0xef][0x1f][0x8b][0x95]+z[0x8c][0xa6][0xa0][0xb7]NN[0x87]]+9t[0xa0][0x86][0xa3]k[0xca][0xd3][0xab][0xba][0x9e][0x97]F[0xf6][0xd3][0x6]n[0xc9]-[0x95][0xd3][0xc4][0xc]1[0x6][0xe1]4[0x8e][0x95]+s<[0xdc][0xcf]i[0xff][0x0][0x8c][0x1].[0xc5][0x96][0xcf][0xe8]p:G[0xfd]8[0x1a]c[0xc7][0x11]O[0x2]F9[0x1d][0xf7]xW[0x96][0x1c]A[0xcf][0x82][0x16][0xf2][0xa8][0xe5][0xf6][0xb9][0x1f]Gf'[0xf6][0x1c][0x84][0x8a][0x11][0xb3]H[0x1e][0x10][0xd7]s L[0x83]M[0xcf][0xf7]B[0xe4][0xe1][0x2][0xb1][0xcb][0x8a][0xb][0xe3]=[0x17][0x8c]q[0x8b][0xb5]*[0xe6][0x4][0xad][0xb1][0x94]C[0xc3]~H[0x11]t[0xf4]v[0xb7]aK[0xb7]<vs?[0xed][0x8d]Tt[0xb7]i[0xec][0x91][0xb6][0xdc][0x82][0x16]\J[0x13]n[0xfd][0xeb][0xb8][0x13]f[0xea][0xcc]%[0xec]+[0x11]3[0xf9][0x96][0xfe];[0xfd]V[0x1e][[0xf1][0xba][0xc1][0xa3]][0xb8][0xfe]o[0xc3][0x9e]!K3g[0xb8][0xce]Us[0xdc][0xba][0x9c][0x1f][0xe][0xa2];[0xa8][0xcc][0x84][0x85][0xc6]Z[0xd7][0xe0][0x98][0x90][0xba]`[0x93][0xac][0x93][0xbd][0xc9][0xc0][0xc3][0xb4][0xa0]d[0xcc][0xeb]K[0x8][0x90][0xac][0xca][0x8f]5j[0xd8]!r[0xfa][0xe7][0xab][0xd3][0xbf]e[0xa6]S[0xbb][0x14]t[0xa8]Q[0xe8]2~[0x9d][0x6]cp"I[0xdd]Q[0xc8][0xa4]I[0xb0][0x96][0x16]o[0xe1][0xe1]hF[0xbc]/[0x80][0xbf][0xd5]4[0xc][0xa3][0x89]s[0x93][0xf5][0xfc][0xb3][0xc7][0xbf][0x9c]=[0xfd]l[0xb3][0xd4][0xad]N`[0xd4],d0[0xe7]E[0xa3]l[0x4][0xad][0xc7][0xcc]^[0x14][0xe9][0x86]ej[0xeb][0xb4][0x7][0xbb][0x92][0x84][0x83][0xd9][0xbb]N[0xd1][0xd5]S[0x90][0xb9]!\{[0xc3]u[0xf]VxEY[0xb6]y[0x87][0xc6]=[0x8]i[0x5]K],[\r][0x91]![0xe4][0xda]n[0xde][0x15]0<[0xde][0x89]$[0xda]9[0xf5][0x98][\n]"
2017-08-06 11:09:48  [ Spider-0:1410 ] - [ DEBUG ]  http-outgoing-0 << "#[0x92][0x95][0x14]U[0x1][0xef][0xd4][0xb8][0xef]]Q[0xac]=[0x18][0xd8]H[0x6]f7*[0xc1][0x85][0x80][0x1c]#[0xb1][0xc6],HS~[0xbe][0x89][0xc9][0xe][0xe4][0xf4][0xe4][0xe7][0x8b][0x93][0x97][0xe7]?}!lKu[0x9e][0x82][0x87][0xc8][0xb1][0xd5]yF[0xa9][\r][0xe9][0xf8][0xf0][0x8e][0x94][0xfb]4f[0x90][\r]0[0x84][0x7]V7"[0xef]8[0xf0][0xb9][0x81]1V[0xe][0xc2];[0xef]0![0xcf]|[0xd8][0x9e][0xdf][0xe7][0x4][0xcb][0x9e][0xbf]~[0xfa][0x12][0xb3][0xbd][0xf8][0xc][0xc4][0x2][0xd8]h[0xb5][0x9b]%[0x85][0xde],I<[0xfc][0xff][0x0][0x0][0x0][0xff][0xff][\r][\n]"
2017-08-06 11:09:48  [ Spider-0:1410 ] - [ DEBUG ]  http-outgoing-0 << "a[\r][\n]"
2017-08-06 11:09:48  [ Spider-0:1410 ] - [ DEBUG ]  http-outgoing-0 << "[0x3][0x0][0xcb]([0xfe]@#/[0x0][0x0][\r][\n]"
2017-08-06 11:09:48  [ Spider-0:1411 ] - [ DEBUG ]  http-outgoing-0 << "0[\r][\n]"
2017-08-06 11:09:48  [ Spider-0:1411 ] - [ DEBUG ]  http-outgoing-0 << "[\r][\n]"
2017-08-06 11:09:48  [ Spider-0:1413 ] - [ DEBUG ]  Cancelling request execution
2017-08-06 11:09:48  [ Spider-0:1413 ] - [ DEBUG ]  http-outgoing-0: Shutdown connection
2017-08-06 11:09:48  [ Spider-0:1414 ] - [ DEBUG ]  Connection discarded
2017-08-06 11:09:48  [ Spider-0:1415 ] - [ DEBUG ]  Connection released: [id: 0][route: {}->http://www.cnblogs.com:80][total kept alive: 0; route allocated: 0 of 50; total allocated: 0 of 1000]
2017-08-06 11:09:48  [ main:1493 ] - [ DEBUG ]  going to scan these urls:
jar:file:/E:/MAVEN/m2/repository-jeecg/com/geccocrawler/gecco/1.0.8/gecco-1.0.8.jar!/
2017-08-06 11:09:48  [ main:1501 ] - [ INFO ]  Reflections took 7 ms to scan 1 urls, producing 3 keys and 6 values 
2017-08-06 11:10:09  [ main:1 ] - [ DEBUG ]  going to scan these urls:
file:/D:/eclppj/BlogGecco/target/classes/
jar:file:/E:/MAVEN/m2/repository-jeecg/com/geccocrawler/gecco/1.0.8/gecco-1.0.8.jar!/
2017-08-06 11:10:10  [ main:192 ] - [ INFO ]  Reflections took 181 ms to scan 2 urls, producing 30 keys and 128 values 
2017-08-06 11:10:10  [ Spider-0:1014 ] - [ DEBUG ]  match url : http://www.cnblogs.com/boychen/p/7226831.html
2017-08-06 11:10:10  [ Spider-0:1037 ] - [ DEBUG ]  downloading...http://www.cnblogs.com/boychen/p/7226831.html
2017-08-06 11:10:10  [ Spider-0:1090 ] - [ DEBUG ]  CookieSpec selected: default
2017-08-06 11:10:10  [ Spider-0:1108 ] - [ DEBUG ]  Auth cache not set in the context
2017-08-06 11:10:10  [ Spider-0:1111 ] - [ DEBUG ]  Connection request: [route: {}->http://www.cnblogs.com:80][total kept alive: 0; route allocated: 0 of 50; total allocated: 0 of 1000]
2017-08-06 11:10:11  [ Spider-0:1137 ] - [ DEBUG ]  Connection leased: [id: 0][route: {}->http://www.cnblogs.com:80][total kept alive: 0; route allocated: 1 of 50; total allocated: 1 of 1000]
2017-08-06 11:10:11  [ Spider-0:1141 ] - [ DEBUG ]  Opening connection {}->http://www.cnblogs.com:80
2017-08-06 11:10:11  [ Spider-0:1148 ] - [ DEBUG ]  Connecting to www.cnblogs.com/101.37.225.58:80
2017-08-06 11:10:11  [ Spider-0:1181 ] - [ DEBUG ]  Connection established 192.168.1.101:6471<->101.37.225.58:80
2017-08-06 11:10:11  [ Spider-0:1181 ] - [ DEBUG ]  http-outgoing-0: set socket timeout to 3000
2017-08-06 11:10:11  [ Spider-0:1182 ] - [ DEBUG ]  Executing request GET /boychen/p/7226831.html HTTP/1.1
2017-08-06 11:10:11  [ Spider-0:1183 ] - [ DEBUG ]  Target auth state: UNCHALLENGED
2017-08-06 11:10:11  [ Spider-0:1184 ] - [ DEBUG ]  Proxy auth state: UNCHALLENGED
2017-08-06 11:10:11  [ Spider-0:1188 ] - [ DEBUG ]  http-outgoing-0 >> GET /boychen/p/7226831.html HTTP/1.1
2017-08-06 11:10:11  [ Spider-0:1191 ] - [ DEBUG ]  http-outgoing-0 >> User-Agent: Mozilla/5.0 (Windows NT 6.1; WOW64) AppleWebKit/537.36 (KHTML, like Gecko) Chrome/45.0.2454.85 Safari/537.36
2017-08-06 11:10:11  [ Spider-0:1191 ] - [ DEBUG ]  http-outgoing-0 >> Cookie: 
2017-08-06 11:10:11  [ Spider-0:1192 ] - [ DEBUG ]  http-outgoing-0 >> Host: www.cnblogs.com
2017-08-06 11:10:11  [ Spider-0:1192 ] - [ DEBUG ]  http-outgoing-0 >> Connection: Keep-Alive
2017-08-06 11:10:11  [ Spider-0:1192 ] - [ DEBUG ]  http-outgoing-0 >> Accept-Encoding: gzip,deflate
2017-08-06 11:10:11  [ Spider-0:1193 ] - [ DEBUG ]  http-outgoing-0 >> "GET /boychen/p/7226831.html HTTP/1.1[\r][\n]"
2017-08-06 11:10:11  [ Spider-0:1193 ] - [ DEBUG ]  http-outgoing-0 >> "User-Agent: Mozilla/5.0 (Windows NT 6.1; WOW64) AppleWebKit/537.36 (KHTML, like Gecko) Chrome/45.0.2454.85 Safari/537.36[\r][\n]"
2017-08-06 11:10:11  [ Spider-0:1194 ] - [ DEBUG ]  http-outgoing-0 >> "Cookie: [\r][\n]"
2017-08-06 11:10:11  [ Spider-0:1194 ] - [ DEBUG ]  http-outgoing-0 >> "Host: www.cnblogs.com[\r][\n]"
2017-08-06 11:10:11  [ Spider-0:1194 ] - [ DEBUG ]  http-outgoing-0 >> "Connection: Keep-Alive[\r][\n]"
2017-08-06 11:10:11  [ Spider-0:1195 ] - [ DEBUG ]  http-outgoing-0 >> "Accept-Encoding: gzip,deflate[\r][\n]"
2017-08-06 11:10:11  [ Spider-0:1195 ] - [ DEBUG ]  http-outgoing-0 >> "[\r][\n]"
2017-08-06 11:10:11  [ Spider-0:1229 ] - [ DEBUG ]  http-outgoing-0 << "HTTP/1.1 200 OK[\r][\n]"
2017-08-06 11:10:11  [ Spider-0:1229 ] - [ DEBUG ]  http-outgoing-0 << "Date: Sun, 06 Aug 2017 03:10:08 GMT[\r][\n]"
2017-08-06 11:10:11  [ Spider-0:1230 ] - [ DEBUG ]  http-outgoing-0 << "Content-Type: text/html; charset=utf-8[\r][\n]"
2017-08-06 11:10:11  [ Spider-0:1230 ] - [ DEBUG ]  http-outgoing-0 << "Transfer-Encoding: chunked[\r][\n]"
2017-08-06 11:10:11  [ Spider-0:1230 ] - [ DEBUG ]  http-outgoing-0 << "Connection: keep-alive[\r][\n]"
2017-08-06 11:10:11  [ Spider-0:1231 ] - [ DEBUG ]  http-outgoing-0 << "Vary: Accept-Encoding[\r][\n]"
2017-08-06 11:10:11  [ Spider-0:1231 ] - [ DEBUG ]  http-outgoing-0 << "Cache-Control: private, max-age=10[\r][\n]"
2017-08-06 11:10:11  [ Spider-0:1231 ] - [ DEBUG ]  http-outgoing-0 << "Expires: Sun, 06 Aug 2017 03:10:18 GMT[\r][\n]"
2017-08-06 11:10:11  [ Spider-0:1232 ] - [ DEBUG ]  http-outgoing-0 << "Last-Modified: Sun, 06 Aug 2017 03:10:08 GMT[\r][\n]"
2017-08-06 11:10:11  [ Spider-0:1232 ] - [ DEBUG ]  http-outgoing-0 << "X-UA-Compatible: IE=10[\r][\n]"
2017-08-06 11:10:11  [ Spider-0:1232 ] - [ DEBUG ]  http-outgoing-0 << "X-Frame-Options: SAMEORIGIN[\r][\n]"
2017-08-06 11:10:11  [ Spider-0:1233 ] - [ DEBUG ]  http-outgoing-0 << "Content-Encoding: gzip[\r][\n]"
2017-08-06 11:10:11  [ Spider-0:1233 ] - [ DEBUG ]  http-outgoing-0 << "[\r][\n]"
2017-08-06 11:10:11  [ Spider-0:1233 ] - [ DEBUG ]  http-outgoing-0 << "747[\r][\n]"
2017-08-06 11:10:11  [ Spider-0:1234 ] - [ DEBUG ]  http-outgoing-0 << "[0x1f][0x8b][0x8][0x0][0x0][0x0][0x0][0x0][0x0][0x3][0xac]WYS[0x1b]W[0x16]~[0xc6]U[0xfe][0xf][0x9d][0xae][0xd2]d[0xa6]&[0xa2]-[0xc9][0x18][0xc9]AJ[0x9]#/[0xb1][0xc0]LlR[0x1e][0xbf][0xa8][0xae][0xba][0xaf][0xd4][\r][0xbd]([0xdd][0xad][0x8d]'o`[0xd9][0xb1][0xc3]0E<[0x18]{[0xc6][0xc4][0x6][0xf][0xb1][0x83] [0x15][0x7][0x8b]-[0xfc][0x98][0xe9][0xab][0xe5][0xc9]![0xe7][0xf6]"K[0x98][0x14][0xd8]5[0x85][0x8a]n[0x9d]>[0xe7]|[0xdf]Y[0xee]9[0xad][0xe3][0xc7][0x6]>[0x19][0xba]t[0xe6][0xca][0xdf]G[0x13][0x8c]h*r[0xec][0xf8][0xb1][0x1]zed[0xa4]f[0xa3][0xec][0xa4][0xe8][0xe7]U[0xd6][0x16]b$[0xd0][0xab][0x82]M[0xc4][0xf0]"[0xd2][\r]lF[0xd9][0xbc][0x99][0xf1][0x87]Y[0xae][0xfd]@E[\n]"
2017-08-06 11:10:11  [ Spider-0:1235 ] - [ DEBUG ]  http-outgoing-0 << "[0x8e][0xb2][0x5][0x9][0x17]s[0x9a]n[0xb2][0xc][0xaf][0xa9]&VA[0xb1]([0x9][0xa6][0x18][0x15]pA[0xe2][0xb1][0xdf][0xfe][0xf2][0x19]#[0xa9][0x92])![0xd9]o[0xf0]H[0xc6][0xd1][0x0][0xcb][0xd8]~L[0xc9][0x94]q[0x8c]<Y[0x91]%5_[0xb2]j[0xab][0xa4]z[0xb7][0xf9]|*+[0x99]ow[0xee][0x93][0xcd][\r][0xb2]>mm?o,[0xde] 3[0xb3][0xa4]v[0x8b]T[0xd6][0xe1][0x91][0x98]O3~[0xa6]u[0xf3][0xb9]U{[0xd9][0x98]{CV$[0xbf]U[0xc8][0xbf]g@H[0x1e],[0x90][0xea]3[0xf2]xu[0x80]s\[0x3][0x6][0xb8][0x9e]`[0xcc]r[0xe][0xb8][0x9a][0xb8]dr[0xbc]a[0xb0][0x8c][0x8e][0xe5](k[0x98]e[0x19][0x1b]"[0xc6]@^[0xd4]q&[0xca]r[0xe9][0xbc]*[0x80][0x8c]K[0xcb]Z[0xd6][0xcf]k[0x8a][0xa2][0xa9][0xbd]`[0xf0]E![0xaa][0xa4][0xce]^U[0x8a][0x93][0xa1]b[0xe9][0x9a][0x86][0xf9][0xb1][0xe2]H[0xe2]b04[0x1a][0x9f][0xe4][0xfd][0xe3][0x91]B[0xfa]j[0xea][0xcc][0xa9][0xe1][0xb4][0xfc]e[0x9f][0x96][0x1f][0xe6][0x3][0x90]$[0x17]W[0x12][0xa2][0xec]0[0x92][0xd4]3[0x14][0xf4][0xa8]$[0x8c][0x9]I58^[0xcb]d0v[0x19][0xf9][0x9d]o.[0x97][0xf3][0xfd][0xa3][0xa1][0xc9][0xb1]Pj[0xb8]/[0x18][0x19]1[0x93]_[0x8b][0x91][0x89][0x8b]c[0xc9]/[0xd1][0xb5][0xe4][0xd0][0xb9]B[0xe4]o[0x93][0xa9]d[0xea]k![[0x1e][0x9][0x8c][0x9e][0xdc][0xc7]E[0xd1][0xd2][0x12]x[0xb3]AYF[0xc1][0x82][0x84][0xa2][0xac][0xa6][0xca]e[0xc6][0xe0]u[0x8c]U[0x6][0xa9][0x2][0xf3]g[0x5][0x95][0x9c][0xba][0x9d]f[0xfa]O[0x85]s[0xa5][0xbf][0xfc]?[0xb8][0xfb][0x1d]l7[0x84][0xe4]P^[0xba] [0xa2]+[0x99][0xb]!=9[0xc8][0xc7][0xc5]K[0xc3]'[0x10][0xba]x[0x16]!>[0x9d][0xec][0xd3][0xaf][0xe9][0x17][0x4]C[0x94]G[0xce][0x9f]3[0xc2][0x1][0xa7][0xe7][0x9c]:[0xd2][0xaa]F[0xd9][0xaf]._[0xf6]([0xa1]\N[0x96]xdJ[0x9a][0xca][0xe9][0x86][0xf1][0xd7][0x92]"[0xbb][0xec][0x90]lb]E&[0xf6][0xc8][0x89][0xa6][0x99];[0xcd]q[0xc5]b[0xb1][0x97]Wi[0x85][0x8d]^(1[0x97][0xd6][0xca][0xbc][0x88]m[0xeb][0x83][0x90][0x86][0xe]F[0x12]:[0x90][0x12][0x82]d[0x8e]}u[0xe1][0xc8]8B/[0xb5]m[0x17][0xe6]}[0xf7]E[0xb9][0xa8] U[0xca]`[0xc3][0xec][0x80][0xe9][0x90][0x1e][0x11][0xaa][0xc3][0xc2][0x85][0x84][0xf0][0xa0][0xd2]R[0xce]d[0xc][0x9d][0x87]zq^[0x93]wX;[\n]"
2017-08-06 11:10:11  [ Spider-0:1235 ] - [ DEBUG ]  http-outgoing-0 << "[0xdc][0xf8]7y[0xac][0x97]{[0xc7][0xbb];w[0x1c][0x15][0x90][0xa3][0xc0][0xc6][0x6]\[0xd5][0x18][0xc3][0xbc][0xf3][0xfb][0x7][0xba][0x5][0xa4]3|^[0xd7]aB[0xc][0x2]R<[0x97]c[0xa2][0xcc][0xa7].[0xd1]O?c[0xf8]t[\n]"
2017-08-06 11:10:11  [ Spider-0:1236 ] - [ DEBUG ]  http-outgoing-0 << "[0xab](-[0xe3][0x94][0x82]Lq[0x1c][0x95][0xa2][0x19]$[0x1b][0xf8]sj'[0x19]I-+[0xa9]Xpem[0xdc][0xfd][0xd1][0x1c]t|[0xc7]i[0xbb]%[0x2][0xfe]dY[0x9f][0x8c][0x8f][0xc][0x6][0xc7][0xd3]#[0x11]M1[0xd5][0xdc][0xa5][0xf3][0xa5][0x10][0x1e];q[0xd1][0xc][\r][0x95]%C[0xce][0x88]c'[0xd2]}9h[0xb7]C[0xc3][0x5]X[0xce][0x9b][0x91]iM([0xd3][0xab]7[0xf]M-G5[0x11][0xc8]@[0xfa][0x89][0xdf]/h*[0xf6][0xfb][0xa9][0x8a] [0x15][0xec]C(j[\n]"
2017-08-06 11:10:11  [ Spider-0:1236 ] - [ DEBUG ]  http-outgoing-0 << "f[0xbb][0x4][0xe0][0xb][0xeb]T[0xd4][0xd3][0x96][0xd1][0x10][0xae][0xd0][0x1e]t[0xc4][0xc8][0x16][0xca][0xea][0x4]M[0x1e]dC;b[0x7][0x0][0x17]I[0xc9][0xb6]=:[0x96]N[0xb2].;G5o[0x98][0xa0]/)([0xb][0x89][0x3][0x15][0xad]7+eX[0x6]NO[0x94]m[0xee][0xcd][0x91][0xc7][0xff][0xb1]j[0xdb][0xad][0x1f]~[0xa5]#[0x9b][0xc6][0xd5][0xd3][0xd3][0x3][0x84]z[0xf6][0x7]'[0x6]b.[0xc9][0xf3]v4[0x81][0x94]sub`x[0x19][0x19][0x86][0x17][0xa9][0x2][0x13][0xd1]t[0xe4]G[0xc][0xe2][0xfd]iO[0xa9]@[0x15][0x2]6v[0x90][0xde][0x6][0xed][0x94][0xd3]?[0x9b][0xe1][0x0][0x7][0xa9][0x8c]Q[0x92]X[0x15]N3[0xed]|[0xba]K[0xa2][0xb1]p[0xbb][0xbe]x[0xa7][0xf5]l[0x9e][0xfc][0xf3]>[0xb9][0xbb][0xe6][0xdc]3N,[0xdd][0x96][0xe]g[0x86],[0xbd]n[0xdd]Zq4:jGc[0xe9][0xae][0x1c][0x95][0x9c]qv[0xe1][0xbb][0x7]n[0xfc][0x19]M?+kE[[0xfe][0xce]BE[0x5])[0x8b]L[0xcd]i[0x1];[0xb7]y[0xd9]{[0x92][0x94][0xc][0xd7][0x8f],y)[0xa6][0xc1][0xa4][0xe0]Y[0xca][0x90]Ll"
2017-08-06 11:10:11  [ Spider-0:1241 ] - [ DEBUG ]  http-outgoing-0 << HTTP/1.1 200 OK
2017-08-06 11:10:11  [ Spider-0:1242 ] - [ DEBUG ]  http-outgoing-0 << Date: Sun, 06 Aug 2017 03:10:08 GMT
2017-08-06 11:10:11  [ Spider-0:1242 ] - [ DEBUG ]  http-outgoing-0 << Content-Type: text/html; charset=utf-8
2017-08-06 11:10:11  [ Spider-0:1243 ] - [ DEBUG ]  http-outgoing-0 << Transfer-Encoding: chunked
2017-08-06 11:10:11  [ Spider-0:1243 ] - [ DEBUG ]  http-outgoing-0 << Connection: keep-alive
2017-08-06 11:10:11  [ Spider-0:1243 ] - [ DEBUG ]  http-outgoing-0 << Vary: Accept-Encoding
2017-08-06 11:10:11  [ Spider-0:1243 ] - [ DEBUG ]  http-outgoing-0 << Cache-Control: private, max-age=10
2017-08-06 11:10:11  [ Spider-0:1244 ] - [ DEBUG ]  http-outgoing-0 << Expires: Sun, 06 Aug 2017 03:10:18 GMT
2017-08-06 11:10:11  [ Spider-0:1244 ] - [ DEBUG ]  http-outgoing-0 << Last-Modified: Sun, 06 Aug 2017 03:10:08 GMT
2017-08-06 11:10:11  [ Spider-0:1244 ] - [ DEBUG ]  http-outgoing-0 << X-UA-Compatible: IE=10
2017-08-06 11:10:11  [ Spider-0:1244 ] - [ DEBUG ]  http-outgoing-0 << X-Frame-Options: SAMEORIGIN
2017-08-06 11:10:11  [ Spider-0:1245 ] - [ DEBUG ]  http-outgoing-0 << Content-Encoding: gzip
2017-08-06 11:10:11  [ Spider-0:1255 ] - [ DEBUG ]  Connection can be kept alive indefinitely
2017-08-06 11:10:11  [ Spider-0:1267 ] - [ DEBUG ]  http-outgoing-0 << "[0xb7][0x93][0x7][0xa0]`5HV[0xd9]X[0xc7][0x9a][0xa4]I[0x4][0xbf][0xe0]^)[0xa8][0xf3][0x8e][0x92][0xbd]x[0x8]]s[0x18][0x82]J[0xdf][0x1e][0xe8]<[0xeb][0x82][0xb0][0xc7][0x9d][0xaa]e4[0x99]&[0xab][0x3][0xd1][0x0]H[0xa9][0xb][0x90][0xce][0xde]Q[0xf0]`[0xf4]"#W[0xfa]B[0xcb][0x99][0xf0]v[0x11][0xab]?\o-[0xcc]4~[0x9a];[0xc][0x9f][0xbe][0xb4] [0x1e][0xf0][0x11][0xcf]c[0xc3][0x98][0xc0][0xe5]([0x1b][0xf9][0x10]6[0x8a][0x91][0xed][0x1e][0x9e][0xd0]3[0x9c]/[0x11][0xf1][0x85][0x83][0xbe]x[0xc8][0x97]8[0xe9][0x1b][0xc][0xfb][0xe2]q_[0xa2][0xdf][0x17][0x81][0xfb]~_[0xa2][0xcf][0x17][0x1f][0xf2][0xc5]#[0xf4]f0[0xe1][0xb][0x87][0xe9]Md[0xc8][0x17]>[0xcb][0xc6][0x9a]7[0xe6][0x1a][0xbf]l[0x1f][0xc6][0x19][0x9][\n]"
2017-08-06 11:10:11  [ Spider-0:1268 ] - [ DEBUG ]  http-outgoing-0 << "[0xf4][0xdc]Gg[0x8c][0x8d]5[0xaa]?4[0xfe]1}[0x18][0xc][0xdd][0x87][0x1f]Qyj[0x16]kV[0x9f][0xb5][0xe6][0xa7][0x9c]1[0xd8]s[0x80][0xe3][0x94]=o[0xda][0xee][0x91]3+[0xae][0xe]'?[0x4][0xc4][0x9e]l[0xee][0x1a][0xdb][0xaf][0xe8][0xce]3Xz[0x9d][0xe3][0xcc]f[0xe5][\r]27[0xf6][0x1]./[0xc7][0xbc][0xb9][0xd1]uX[0xa9][0xb7][0xcb]&2[\r][0xf7]X[0xf6]8[0xff][0xbb]Ft[0xca][0xf0][0x14][0xba][0xc6][0xa1][0xd3]|~[0xe6][0xe4][0x9f][0xd4][0xb4][0x91][0xfb][0xfc][0xf8][0xb1][0xfa][0xc3];[0x8d]W[0x8b]~[0xe6][0x84]'h[0xae][0xdd]nV[0xb7][0xfc]L[0xc8][0x13]8S[0xa7][0x3][0xe8][0x80][0x1]f[0xb3]qF[0xd0]{[0xcf][0xdb]C[0xc4]{[0xb]^[0xdb]iV^[0xd6][0x17]g<[0xfd][0x8e][0xa1]E[0x8f]\J[0x80][0x97]xI~[0x8f]z[[0x9]6[0x99][0xc4][0x1b][0xfb]F[0x18],m[0xdb][0xda][0x9d]`b[0xa0][[0xfc]nc[0xf5]xe[0x87][0xc5]n[0xc3][0xd9][0x3]?[0x95][0xd7][0xe5]v[0xd5][0xdb][0x6][0xc1]#V=[0xc7][0xf5][0x7][0x83][0xa7][0xc2][0xa1]@/[0xfd][0xd9][0xc2]~[0xc4][0xf][0x7][0xb7]#{[0xdc][0xcd][0xd1]]o^[0xc6]H[0xa7][0xcb][0xdb]+D[0xe7]CJv[0x10]v[0xbd][0x17][0x9c][0x97]%[0x97][0xa7][0x13]c[0xda]V[0x18][0xc8][0xc5][0xea][0xcb];[0xb0]5[0xcf]I&Y[0x9f]i<[0xda][0x5]R[0xd6][0xf6]=[0xb2][0xf4]#[0xa9],[0xd0][0xcf][0xea][0xb]ks[0xd1][0xda][0x9a]v[0xf8]6[0x1f][0xed]6no@0[0xe4][0xcd][0xb2][0xb5][0xfb][0x4][0xa2][0xb1]6[0x9f]6[0xab][0xb5][0xc6][0xdc][0x8a]U{[0x0][0xdc][0xa9][0xf9][0xee]t}~[0x8d][0xea][0xd8][0xb6]t{[0xfd]k[0x83]\[0xd4][0xbc][0xb9]F[0xaa][0xb][0xd6][0xce][0x2]([0x83]&[0xc8]A[0xb9][0xbe][0xf6]}[0xe3][0xd5]S[0xab]v[0x9d][0xee][0xcc][0x95]o[0xc9][0xd6][0xc][0x99][0x9d][0x87]yL[0xa6]*d[0xfd][0xe7][0xe6][0x8b][0x1b][0xf5][0xef]_[0xc3][0x0]h[0xde]yI[0xde][0xfc][0xc]&[0x8d][0xa7][0xcb][0xcd][0xb5][0xe9][0xc6][0xcd]M[0x9a][0xbc][0xf5][0xe9][0xc6]o[0xdf]Y[0xb5]][0x90][0xbb])[0xac]L[[[0xaf][0xac][0xda]wd[0xe9][0xbf][0xa4][0xba][0xf1][0xbf][0xeb]7[0x7][0xb8][0x1c][0xbc][0xbb]zQR^[0xeb][0xd3]4V[0xbb][0x6][0xc0][0xb1]5[0xbf][0xd7][0xba]s[0xdf][0xda][0x9a][0x5][0x1f]<[0xac]A[0xcd][0xe8][0xbb]S[0x81][0x99]\[0xbf][0xfb]-yp[0x8f]l[0xbe][0x8e][0x90][0xa9][[0xed][0xc8][S[0xf][0x1a][0xbb]U[0x8][0xb5][0xf5]j[0xbe][0x1d]js[0xe3][0x17][0xb2][0xf4][0xb4]^[0x99][0xb5][0xb6][0xb2]v[0xf7] <[0x1a][0xd8][0xea][0x12]Y[0xba][\r][0x9a][0x14]ss[0x8f][0xcc][0xde][0xa3][0x8c][0x97]w[0xad][0xda][0x93][0xe6][0xf2][0x9e][0xc3][0xcf][0xa1][0xb],[0xdf][0xee][0xdc][0xb5]j[0xf7]:[0xe8][0x92][0xca]c[0xb2][0xbd][0x5]9[0x87][0xc3]hmo[0x90]%;[0xde]'+[0x8e][0xd7][0x8e][0xe]Zp,:[[0xc3][0xad]2[0xaf][0x9][0xd0][0xde][0xe0]L[0xc7]1F[0x99][0x10]$[0x9d][0x1][0xb]P[0x87][0xef][0xee][0x9][0xa6]H[0xce][0x99][0xf6]p[0x9b]{[0x8f][0xc9][0xd4]r7[0xee][0x11]!x[0xe1]w[0x0][0x0][0x0][0xff][0xff][\r][\n]"
2017-08-06 11:10:11  [ Spider-0:1269 ] - [ DEBUG ]  http-outgoing-0 << "286[\r][\n]"
2017-08-06 11:10:11  [ Spider-0:1269 ] - [ DEBUG ]  http-outgoing-0 << "[0xb4]X]O[0x1a]A[0x14]}[0xf7]Wl[0xec][0xab][0xe8][0xee][0xf2]%[0x8d][0xe1]'[0xf4]?[0xd0][0x14]M[0x13]*[0x4][0xb4][\r]o[0xbc][0xa0][0x82][0xe8][0xa2][0xd4][0x18][\n]"
2017-08-06 11:10:11  [ Spider-0:1270 ] - [ DEBUG ]  http-outgoing-0 << "($[0x12]mc [0x15]Sp7[0xd4]?[0xb3][0xb3][0xbb][0xfe][0x8b][0x9e];[0x97]EJcJ[0x9a][0x94]'[0x98][0x99][0xbd];[0xf7][0xdc]s[0xcf][0x99]a[0x81][0xf8][0xd3][0x9d][0xaf][0x88]F[0xdb][0x1e][0x99][0xc]9[0x8f][0xa2][0x2][0xe2]dl[W^[0xa7][0x82][0x93][0x8e]l[0x17][0xa7]v[0x4][0x9a][0xc1]h\[0xb]$9[0x2]O[0x9c][0xf6][0x90][0xd0]-[0x15]l[0xab][0xb]@[0xbc][0xc7]:[0xea][0xe7][0xdd][0xdf][0x8b]}[0xd3]iu[0x1]![0x11][0xaf][0xf8][0x3][0xcc][0x4]y[0xbc][0x9f]5[0xa4][0x93][0xc7][0x3]n[0xa7]G[0xe4][0x1b][0x1d]z[0xe3][0xf1][0xa4][0xf8][0x95][0xa2]D~[0xb1][0xf4]6r[0x99][0xc4][0xb6]"o[0x91]X[0x90]N[0xa5][0xb3][0xaf][0x95]W[0xaa][0xfc],[0xc7]9[0xb][0x84]R[0x94][0xfc][0xee][0x7][0x5]g[0xd5][0x9d]D*Ep,-[0xc9]40[0x95][0xdb]}[0x97]V[0x12][0x19][0x0]D[0x91][0xe2][0x81][0x17][0x3]nn.[0xc7][0xb7][0x92][0xfe][0xba][0xd9]``[0xfb][0xec]*[0x13]5b+[0xd1]U-[0xfc][0xbb]([0xe1][0xdb][0x9a][0xa6]F"[0x91]Ph[\r][0xb3]Q5[0xea][0xff][0xc][0xf0]O=[0xa4][0xaa]z([0x1c][\r]kZ [0xa2][0xaa][0xb1][0xd8][0xba][0xae][0xea][0xab][0x99][0xed][0xad][0x89][0x1d][0x91][0xd4]d^[0xac][0xa7]k[0xd5][0x9c][0xd6]%c[0x8f][0x82][0xa0][0x95][0xa7][0xf4]A[0xbb];[0xcd][0x12][0xf5][0xb7][0xd9]x[0xfa]R[0xf5][0xce][\r][0x9e][0xa2][0xc5][0xb2][0x7][0xa0][0x1f][0xc2][0xe8][0xa3][0x98][0xce]e[0xd7]m[0x1e]R[0x85]d[0xaf]O9[0xe1][0x96][0xe][0x9c][0xe6][0xed]BE[0x2]L[0x81][0xc4][0xc6][0xdb]l[0x1c]`[0xc1]J>&[0xb3]9\Q[0xff]3lA][0xd7][0xb4]`$[0x80][0x99][0x90][0x16]\[0x8f][0xc6][0x16][0x80][0xcd])][0x83][0xe4][0xb4]K[0xfa][0xb3]Ia[0xda][0x93][0x9e][0x90]8BI[0xaa][0xab][0xf3][0xad]/[0xf5]@r[0x89][0xda][0xc4][0xac]-[0x84][0x87][0xff][0x82][0xbf]4[0xe5]\I[0xa7]NU[0x9e]4J[0xaf]21[0xab][0xd3][0xef]T-[0xf3][0xb3][0xd7][0xef][0x8a]c[0x8b]m[0xca][0x19][0xdc][0x88][0xbd][0x8a][0x18]U[0x85]1[0x84]M[0xa0][0xae]<[0xee][0x8e]OD[0xab][0x0][0xe2][0xfb]';[0x1e][0x96][0xc0][0xfa][0xaf]r[0x1b]#[0xfb][0xb1][0xc3][0x11][0xd8][0x2]8[0x8e][0xe8]?09[0x9c][0xbb][0x8e]m[0x15][0xec][0x87][0x83][0xa7][0xf3][0x1e][0xee]<d%[0xe5][0xf2][0x94]g$[0xdc][0xd0][0xd7][0xa1]%[0xca]m[0xe7][0xac][0xe][0xfb][0xa0][0xa9][0xde][0x5][0xc9]z[0xb3][0x80][0xf6][0x17][0xa3][0x9e]([0xf5][0xfa]C[0xf7][0xac][0xee][0xdd][0x14]f[0xf4][0x95]SFBbx[0xe7]Z[0x86][0x9f]3[0xc3]L*m[0xee][0xf1][0x86]l[0xab][0x6][0xb4]Iq[0x8e][0xbb][0xe0]&$F[0x18][0xdf][0xb0][0x9c][0xb3][0xe1][0xf5][0xb3]+a/[0xb2][0x3][0xae][0x9e]G[0x8a][0x3][0x9c][0x95]afLs[0xc6]hn[0x1f]~<[0xbe][0x88][0x8]c@mp}[0xba][0x2][0x9f][0x13][0xfb][0xd6][0x9b][0xe4]'[0x1c][0x9a][0xe1][0xda][0xef]qd[0xca][0xcf]<[0xfd][0x8f]D[0xfe][0x5][0x0][0x0][0xff][0xff][\r][\n]"
2017-08-06 11:10:11  [ Spider-0:1270 ] - [ DEBUG ]  http-outgoing-0 << "875[\r][\n]"
2017-08-06 11:10:11  [ Spider-0:1271 ] - [ DEBUG ]  http-outgoing-0 << "[0xbc]Z[0xed]s[0x13]E[0x18][0xff][0xac][0xc5]Zf[0xbc]t[0x86]k[0xef]%[0x97][0x97]B;@[0xea]`GQ[0xc6]V[0xfd][0xd8]9r[0x9b][0xf6][0x86][0xe4].[0xde]]*[0xd5]q[0xa6][0x8c][0x82]X[0xa0][0xa2][0x88]o [0x15][0x7][0x90][0xf][0xb5][0xe2][0x8c] [0xa5][0x16][0xfe][0x18][0x9b]4[0xf9]/|[0x9e][0xdb][0xdd][0xcb]]rm[0xc3][0x8][0x6][0xa6][0xb9][0xec][0xed]>[0xfb][0xec][0xee][0xef]y[0xdb][0xe7][0xd9][\r][0xc8]9[0x3]~[0xa8][0xb2][0x9e][0xd5][\n]"
2017-08-06 11:10:11  [ Spider-0:1271 ] - [ DEBUG ]  http-outgoing-0 << "9U1[0xf4][0x1][0x80][0xcc]=_>[0x8a][0x8a][0x6][0xba]HV[0xb]9#[0xa7]d[0xb3][0xb9][0xdc] [0x12][0x15][0x1d][0xf][0x9c][0xe9][0xfd]?[0xd0]*[0x83][0xef][0xb0][0xbc][0xc][0xfb][\n]"
2017-08-06 11:10:11  [ Spider-0:1272 ] - [ DEBUG ]  http-outgoing-0 << "[0xb6][0x84]C2[0x94][0x1c]v[0x1e][0xed][0x7]1s[0x81]0Y[0xbf][0xb9][0xb3]r{[0xf3][[0xb0][0xdf][0xd0][0xa7][0xfd][0xf4][0x6]z"W[0xc0][0x84][0xdf]a[0xa4][0x18][0x9a][0x98][0xdb]2=[0xfd]:y[0x83][0xa2]I[0xe1][0xf8][0xbf][0xf8][0x14]Z[0x11]/[[0xe8][0xea]4[0xcf][0xad]u[0xbe][0xc6]a([0xca][0xab]w:g[0xaf]6[0xcf][0x83][0x4]m[0x0][0x15][0xe8][0xd0]Z[0xb9][0xd7]Y:[0xb][0xdd][0xfa]!p[0xe1][0xf3][0xd6][0xe5]_[0x0]y#[0xbe]?[0xbf]s}[0xbd][0xb9]u-4s[0xa8]'[0xc6][0xa0]I[0x86]po[0x8e]:D[0xe][0x88][0xe7][0x9b]D.[0x11][0x9][0xe8]u[0xd7][0x15][0xca][0x8d]D`[0xc]a[0x4][0xd9]P[0x90][0xdd][0xf6][0xd3][0x9b];[0x9b][0xbf][0xb5].}[0xd1][0xbc]~[0xb3][0xbd]u[0xb7][0xf3][0xcd][0xfa][0xce][0xe6][0xaf][0xd0][0x12][0xb1]0[0x80]a[0x1f][0xf5]\7[0x18]E[0xd6]F[0x85].[0xc1][0xbf][0xe9]|[0x15][0xf8][0xe7][0xc8][0x7][0x1f][0xe0][0xa9]K[0xff],[0x81][0xe4]-[0x11][0xfc][0xa0]n>[0xd0][0xdf][0x83][0x80]'@[0xfa][0x97][0x3][0xa3]v[0xd3]\[0xbb][0x2].[0xbf][0xf][0xe0][\n]"
2017-08-06 11:10:11  [ Spider-0:1272 ] - [ DEBUG ]  http-outgoing-0 << "I[0xc0][0x15][0x14]M[0xcd])[0xba][0xa2][0x3][0xd6]d5[0xf][0xfa][[0xd7][0xb3][0xc6]@[0x96]O[0x98]:vX[0x0]>[0xe0][0xdb][0xb6] b4G[0xea] [0xc9][0x9f]_[0xea][0xfc][0x84]77[0xec][0xf8][0x19][0x8e][0x98][0x8b][0x88]P[0xfa][0xf1][0xb3].[0x8e]Z_\m[0xfe][0xbd][0xd4][0x1d][0xca]<[F[0x0][0xfc][0x1c]0[0x9f]]2[0xb7][0xc1][0xc7]~[0x18][0x85][0x8]>[\r][0x2][0xdb][0x99][0x8b][0xe6]B[0x9a]x+~[0xfc][0xe4]q[0x2][0xe7][0xe2][0xf3]&[0xf8][0xc2][0x9f]`O[0xc0][0x90]2m[0x16]F8`h[[0x17]W[0xe3]^[0xe7][0xd6]U[0xf0]q[0xe1] [0xd0][0xd5][0xda]<[0xc7][0x14]V[0xa4][0x9c]Z?o[0xb4].[0xaf][0xef]\[0xb][0xf9][\n]"
2017-08-06 11:10:11  [ Spider-0:1273 ] - [ DEBUG ]  http-outgoing-0 << "[0x8d]5[0xba][0xb6]W[0xee][0x82][0xb9]j.[0xaf][0xa2][0xf5][0x12][0xa6][0x9c][\r]i=[0xb8][0xd8][0xfe][0xfd]Z[0xbc][0xcf][0xc1][0xe6][0xed]?[0xda][0xde][0xd9][0xf9][0xe1]I[0xf3][0xf1]][0x14]W[0x10][0x8a]P[0xbd]7WV[0xc1][0x1f][0x1c][0x14][0x91][0xb]6[0xf8]X[0xd1]v![0xa6][0x0][0x88]D[0x9e]A[0x1f][0xe9]H[0xd7][0xcc]0[0xdc][0xc5][0xff][0x87][0xf0][0x8b][0xb3][0x5][0xb2][0x1][0x8a][0x83]1[0xf7][0x82][0xdd][0x4][0xa3][0xa8][0xe7][0xb3]j[0x1e]@[0x96]+[0xe4][0x94]B[0xb6][0x90][0x8a][0xb1][0xe7]:[0xa7][0xaa]h[0xba]Q[0xc8][0xe1][0x9c][0x86][0x9a][0xd3]a^c[0x0]`?o[0x16]4[0xbd]X[0xd4][0xe4][0xa2][0xaa][0xa8]E5[0xab][0xa7]s[0xf0][0x9c][0xe7][0xd4][0xb3]yE)[0xc8]0[0xa1][0xa6][0xe4][0xf2]z[0xfe][0xff][0xd8]k[0xd5][0x80]x_[0xd7]eT*[0x85][0x2][0x9c]w[0xf6][0x99]4[0xb][0xca][0xb]4[0x97]V([0x2][0xba]r[0xca] [0xa6]r/[0xc3]y[0x9e]i3n[0x8d].[0xdc][0x87]F[0xd0][0x1e] Sa[0x88][0x8d][0xee][0xc][0x4]V [0xa7][0x10] G[0x8e][0xf][0xf3]SY|[0xca]TQ[0xf3]<([0xc6]e2E[0xcc][0x1a][0xa9]R[0xd3][0x1][0x1d][0x85][0xb2]9[0xf2]B[0x81]V[0xd4][0x14]C[0xcb][0xca]EP[0xe2][0xa0][0xd6]w[0x91][0xaf][0x81]v[0x2][0x9c]V[0xe6]T[0x6][0x98][0x8c][\n]"
2017-08-06 11:10:11  [ Spider-0:1273 ] - [ DEBUG ]  http-outgoing-0 << "[0xce][0x4]L[0xe1]67[0x1e][0xb6][0xbe][0xbc][0xb2][0xfd][0xf8][0xf6][0xf][0x18][0xd1]17-[0x8b][0x88][0x9]^[0xc6][0x6]L[0x2][0xc1][0x97][0x8][0x10]k[0xd1][[0xf2]bU[0x93][0xaa][0x15][0xc1][0xc9][\n]"
2017-08-06 11:10:11  [ Spider-0:1273 ] - [ DEBUG ]  http-outgoing-0 << "U[0x93]V4[0xb2]z.[0x9f][0xe][0xdd][0xe4]n[0x89]X[0x84][0xa3]bc[0x15][0x1d][0xa9][0x95]M[0xe6]]E[0x86][0x9c][0xbd][0x5][0xc0][0xec][0xac][0xad]m?[0xbe][0xd4]Z[0xbb][0xc5].H[0xd0]Azt[0x19][0x1e][0xc0][0x86][0xa2][0x9b][0x12][0x5]@[0xe0] ?z[0xcc][0x9d][0xf2][0x90][0x14]xV[0x3][0xc7]:[0x1e][0xad][0xb9][0x1][\r]w[0xd6][0xf5][0xec]9[0xdb][0xe9][0xb1][0x8]c[0xc7][0xa8][0xd9][0x8][0xec]J[0xa3]z[0x82][0xd2][0x0]#[0x92]I[0x18][0x81][0xb1][0x16]sL[0x8][0xb3][0xe8][0xcc]X'[0xfc][0x91][0x1b][0xf7]![0x98][0x19][0x98][0x1a][0x11][0x9f][0xd6][0xf5][0xa7] G`_[0x98]s[0x88][0x1e][0xd0][0xde][0xa1]X[0xeb][0xc6]R[0xf3][0xca][\n]"
2017-08-06 11:10:11  [ Spider-0:1274 ] - [ DEBUG ]  http-outgoing-0 << "s[0x13]c7[0x81][0x83][0xb8]i8o[0xbd][0x1][0x86][0x90]/[0xbd]f[0xfa][0x1][0xf5]^0ttC[0x81][0x86][0xac][0xe5][\r][0xc3][0x0]h[0xef][0x17]3[0xf0][0x8b]`q#ybq[0xda][0x9e]s[0xcc][0xa0][0xe1][0xd1][0xee]e[0xe6][0x1e][0xf7][0x9c][0xc9][0xfb][0xec][0xf0][0x1e][0xd3]v*[0xee],[0xfc],[0x9f]N[0xe4])1[0xf7][0x88][0xb9][0x96][0x92][0x19][0xd0]9[0x88][0x9a]Rh[0xbc][0xe6][0x4][0xde][0xe2][0x8c]9[0xb7]/[0xf9][0xa1][0x89][0xee][0x95][0xf7] [0xcc][0x85][0x3][0x1d]z&[0x98][0x85][0xbd]_[0x88]u[0xe0][0xdf][0xec][0xfe]>[0xed][0xee]V[0xdc]MOR[0xbf]<4[0x81]O[0xd4]"G[0x8][0xd3]%[0x82][0xb4]la[0xa1][0xc0][0x4][0x1e][0x82][0xac][0xe4]e-K[0x14]uL[0xcf][0x8b][0xb][0xa3][0xc3]&[0xbb][0xa1][0x96][0xf6][0xb9][0xa1][0x96]v[0xc9]T[0x92][0xce][0xf7][0xe7][0xda][0xbf]of[0x92][0x93][0xce]b[0xf1][0xc][0x0][0xae][0x81][0x99][0xc2][0x91][0x91][0x11]>[0xdb]0a[0xc9][0x81][0xde][0xde][0xa8][0xcb][0xa8][0x13][0xa4][\r][0x10][0xc][0x92][0x1][0xd3]dH[0xf][0xe8][0xf2][0xeb][0xf4][0xde][0xf4][0xd1][0xc4][0xce][0xdf][0xdf][0xb6][0x9f]|[0x15]2.V>t`[0x88][0xb8]N[0xb9]j[0x97]O[0x8f][0xf][0x1d][0xb5][0xac][0x19][0xf7][0xfd][0x8f]2|[0xfc][0xf0]![0x8f][0x2][0xdc][0x1c][0xc2][0xd2][0xf3]C[0x13][0xad]o[0x1e][0xb6][0xbf][0xe3])Z~ [0xdd][0x87][0xfd][0xeb][0x4]L[0xe4][0xa2][0xc4]V[0xeb][0x8f][0x7]^[0x83][0x1e],[0x9f]B<[0xce]MY[0xe3][0xba]V0[0x8a][0xd9][0x83]a[0xbd][0x0]`m*Z[0x85][0xe8]s[0xb4]^[0x1f]OV[0x1a][0x88]7[0xef][0xfa][0xd4];[0xde][0x80]uK[0x86][0xa6]V[0xca][0xe5][0xa2]%[[0xba]Ie[0x9a][0x83][0x8][0xbd][0x90]5[0xca][0xb2]Y.[0x18][0xba]U[0xac][0x18][0xba]Y[0x96][0xa2]9J[0x1e][0x5]tX[0x93][0xf0]g\B[0x88][0x8c][0xe6]G[0x1]![0x8][0x90]1E[0x91][0xe]U][0xd3]z[0xf][0x8e][0xb2][0x84][0x7][0x93][0xe9]r6[0x1c][0xaf]Tx[0xa9]/[0xb1][0xcc][0x12],[0x84][0xa5][0x86][0xfe]Y:[0xcb]N[0x1d]#[0x92][0x1f][0xee][0xc5][0x13][0xd1][0xa2][0xb4][0xe0][0x15][0xe][0x0][0x9f][0x15][0x18]$[0x4]K[0x16][0xef][0xe4]z[0xd5],[0xd3]y[0xb7][0x1a]V[0x14]p[\n]"
2017-08-06 11:10:11  [ Spider-0:1274 ] - [ DEBUG ]  http-outgoing-0 << "[0x3][0x94]f[0xb0][0xe1]'L[0x7][0x14][0x97][0x7]"[0xe3][0xd0][0xf][0xc3][0x94]S)[0xf1]"3|([0xd9]s[0x4][0xb6][0x19]f[0x12][0x87][0x95]Q[0x12]k[0x16],J[0x2][0xba][0x15][0xd7][0x83][0xc8][0x94][0x89][0xba]h[0xc][0xdb]b%[0x14][0xc9]v[0x96][0xb1][0x89][0x8][0xc1]7[0x9f]kz[0xde][0xfd]P[0xea][0xd3][0x13][0xd1]L[0x8e][0xb9] MD[0x2]$[0xe1][0xc3],[0xe0][0xd8][0xa3][0xfe][0xfc]l`[0xd7]}[0x1c][0x1a][\n]"
2017-08-06 11:10:11  [ Spider-0:1275 ] - [ DEBUG ]  http-outgoing-0 << "O$[0xda][0xdd]-[0x19][pm[0xb][0x97]"E[0x90][0x97]8[0xc2][0xdf]a$8[0xf][0x98][0x9b][0xcf]`7[0x9c][0xa2][0xea][0x9c][0x9e]M[0xbe][0xf6]%[0xe2]5@[0x13][0xc3][0xf4][0xd4][[0xa0][0x1e][0xae][0xdc][0x86]v[0xdb][0xaa][0x81][0x91][0x19][0x97]0[0x9d]g[0x97][0xa5][0x89][0xe6][0x85][0xbf][0xc0][0xf7]c[0xc7][0x1f][0x9e][0xac]`[0xe9][0xc0][0xae][0xc][0x9c][0x84][0xcd][0xc7][0x99][0xf9][0xd8][0xce][0xad][0x7][0xe0]"&[0xc7][0x2][0xbc][0xa4][0x9]V[0xc1][0xd1][0xb9][0xf5][0xb0][0xf3][0xe9][0xbd][0xb8]<[0xa6][0x9e][0xc][0xcb][0x86][0xdb][0xe]p[0x9a]f8$[0xd3][0x9a]E[0xf0][0x8]Et[0xca]=[0xc3]V.[0xda][0x1b][0x8][0x85][0xf8][0xdb][0xfe][0xe9][0xb0][0xab][0x96][0xd2][0xee][0xd6][0xc5]pTMi[0xe7]*[0xcc][0xb3][0xda][0xc5][0xcf],P[0xb][0xad]TJ[0xff].1[0xac]1[0xf0][0xf7][0xa2][0xa8]=3[0xc5][0xd3][0xa7]R[0xde][0xbf][0xe]`[0x0][0xa3]8[0xe3]Z[0xe6][0xe2][0xde][0x14][0xe3][0xe2]([0xf5][0x88]#J[0x2]z9[0x15][0xfb][0xcc]I[0x9e]r[0x84]sfm>[\r]f[0xec][0x1a]u[0x1b]A[0xa6][0xd2]p[0xca]X*F2[0xc3][0xe4]cb;ep[0xd3]`[0xd3][0xd3][0xb5][0x10][0xf9][0xe4] 1[0x14]A[0xc5][0xa2]U[0x1b][0xc0]x[0xd4][0x9a][0xd1]2}m%5[0xa5][\r][0xfb]a[0xb]kGm[0xf7][0x16]l[0xe9]Q[0xc7]z[0xe3]T[0xd4][0x1b][Q[0xdd]F[0xbe]G[0xf4][0xe6]Mx[0x83]K[0x99][0x2][0xab][0xc]w"[0x13])s^[0xf6][0x15][0xb2][0x19]>s[0xfd][0x1d]=[0xb][0x8d]-h[0x1d][0xa7][0xc1]I0[0xff]o[0xc1][0x9e]![0xc9]L[0xca][0xf0]8[0xd5][0x98][0xe2][0x8e][0xf3][0xf9]v=x[0x17][0xf]3$[0x11]#[0x1d]?[0xc1][0x1e]&[0xe3][0x8c][0xf5][0x93][0xe][0xf7]&Q[0x1e][0x16]sJz[0xb4]>/[0x1][0xe2]Y[0xf9][0x9e][0x97][0xb1][0xda]![0xb2][0xfd]hs{[0x8b][0xdf]t[0xc6][0x8c]B[0xbc][0xd4][0xc8][0xb7]-z[0xcc][0xf4]z[0xca][0x89]x[0xeb][0x9]Q[0x99][0xd4]_[0xac][0x15][0xf3][0xb7]P8[0xa6][0x2]Zc[0x85][0xbf]z[0xe4][0x86][0x99][0xa1]r[0xe3][0xf9][0xfc][0xe6][0xb9][0xb5][0xe6]W[0xcb][0x87]G[0xe7][0xf5][0xbe][0x1a]5[0x19][0x9][0xc]hh[0x4]F[0x10]=[0x99][0xa4][0xa1][0x88]6,[0x91][7[0xab][0xb0]+[0xa1];[0x98][0xb4]u[0xa2]][0x84][0x82][0x96][0xed][0x83][0xd9][[0x1c]s`[0x85][0xcf][0xc8][0xcb]$[0xad][0x98][0x8d]*[0xb8][0xb4][0x8c]d[0x9c][0xad]XE[0x6][0xe3]kr[0xea]=V[0x86]G+[0x1][0xaf]v[0x8e]4[0xa6][0xa8][0x11]Ir[0x8a]G[0x1]qj[0xa3][0xe6]<#[[0xd3]0[0xb0][0x14][0xe]LnTX[0x17][0x2]|t[0xd9][0xea]AP[0xec][0xf0][0xd3]![0xc6];[0x90][0xed]'[0xbf][0xb6][0x9f]l[0xb4]~[0xfe][0x92]aKt[0xde][0xa3][0x1e]"[0x5][0xab][0x83][0x8c][0x12][0x1b]Rq![0x8e][0xe4][0xfb][0xd4][0x3][0xc8][0x92][_[0x84][0x0]k> [0xaf][0x96][0xe1][0xf1][0x10][0xfa]X)[0x15][0xde]i[0xc2][0x84]4[0xd3][0xcb][0xf6][0xdc][0x1a]%[0x98][0xf6]\[0xff]q{[0x3]o{1[0xc][0xc4][0x4]Xw[0xb5][0x87]GE[0xf5][0xe6]([0xaf][0x87][0xff][0x17][0x0][0x0][0xff][0xff][\r][\n]"
2017-08-06 11:10:11  [ Spider-0:1275 ] - [ DEBUG ]  http-outgoing-0 << "a[\r][\n]"
2017-08-06 11:10:11  [ Spider-0:1275 ] - [ DEBUG ]  http-outgoing-0 << "[0x3][0x0][0xcb]([0xfe]@#/[0x0][0x0][\r][\n]"
2017-08-06 11:10:11  [ Spider-0:1276 ] - [ DEBUG ]  http-outgoing-0 << "0[\r][\n]"
2017-08-06 11:10:11  [ Spider-0:1276 ] - [ DEBUG ]  http-outgoing-0 << "[\r][\n]"
2017-08-06 11:10:11  [ Spider-0:1277 ] - [ DEBUG ]  Cancelling request execution
2017-08-06 11:10:11  [ Spider-0:1278 ] - [ DEBUG ]  http-outgoing-0: Shutdown connection
2017-08-06 11:10:11  [ Spider-0:1279 ] - [ DEBUG ]  Connection discarded
2017-08-06 11:10:11  [ Spider-0:1280 ] - [ DEBUG ]  Connection released: [id: 0][route: {}->http://www.cnblogs.com:80][total kept alive: 0; route allocated: 0 of 50; total allocated: 0 of 1000]
2017-08-06 11:10:11  [ main:1345 ] - [ DEBUG ]  going to scan these urls:
jar:file:/E:/MAVEN/m2/repository-jeecg/com/geccocrawler/gecco/1.0.8/gecco-1.0.8.jar!/
2017-08-06 11:10:11  [ main:1352 ] - [ INFO ]  Reflections took 7 ms to scan 1 urls, producing 3 keys and 6 values 
