2017-08-07 17:36:46  [ Tcom.cwj.gecco0:0 ] - [ ERROR ]  instance SpiderBean error
java.lang.ClassCastException: java.lang.String cannot be cast to java.util.Set
	at com.cwj.gecco.pojo.ArticleList$$BeanMapByCGLIB$$4164a495.put(<generated>)
	at net.sf.cglib.beans.BeanMap.put(BeanMap.java:172)
	at net.sf.cglib.beans.BeanMap.putAll(BeanMap.java:245)
	at com.geccocrawler.gecco.spider.render.html.HtmlFieldRender.render(HtmlFieldRender.java:36)
	at com.geccocrawler.gecco.spider.render.html.HtmlRender.fieldRender(HtmlRender.java:36)
	at com.geccocrawler.gecco.spider.render.html.HtmlRender$$EnhancerByCGLIB$$13624782.CGLIB$fieldRender$0(<generated>)
	at com.geccocrawler.gecco.spider.render.html.HtmlRender$$EnhancerByCGLIB$$13624782$$FastClassByCGLIB$$75514247.invoke(<generated>)
	at net.sf.cglib.proxy.MethodProxy.invokeSuper(MethodProxy.java:228)
	at com.geccocrawler.gecco.monitor.RenderMointorIntercetor.intercept(RenderMointorIntercetor.java:23)
	at com.geccocrawler.gecco.spider.render.html.HtmlRender$$EnhancerByCGLIB$$13624782.fieldRender(<generated>)
	at com.geccocrawler.gecco.spider.render.AbstractRender.inject(AbstractRender.java:60)
	at com.geccocrawler.gecco.spider.render.html.HtmlRender$$EnhancerByCGLIB$$13624782.CGLIB$inject$3(<generated>)
	at com.geccocrawler.gecco.spider.render.html.HtmlRender$$EnhancerByCGLIB$$13624782$$FastClassByCGLIB$$75514247.invoke(<generated>)
	at net.sf.cglib.proxy.MethodProxy.invokeSuper(MethodProxy.java:228)
	at com.geccocrawler.gecco.monitor.RenderMointorIntercetor.intercept(RenderMointorIntercetor.java:16)
	at com.geccocrawler.gecco.spider.render.html.HtmlRender$$EnhancerByCGLIB$$13624782.inject(<generated>)
	at com.geccocrawler.gecco.spider.Spider.run(Spider.java:109)
	at java.lang.Thread.run(Thread.java:748)
2017-08-07 17:39:03  [ Tcom.cwj.gecco3:0 ] - [ ERROR ]  instance SpiderBean error
java.lang.ClassCastException: java.lang.String cannot be cast to java.util.HashSet
	at com.cwj.gecco.pojo.ArticleList$$BeanMapByCGLIB$$4164a495.put(<generated>)
	at net.sf.cglib.beans.BeanMap.put(BeanMap.java:172)
	at net.sf.cglib.beans.BeanMap.putAll(BeanMap.java:245)
	at com.geccocrawler.gecco.spider.render.html.HtmlFieldRender.render(HtmlFieldRender.java:36)
	at com.geccocrawler.gecco.spider.render.html.HtmlRender.fieldRender(HtmlRender.java:36)
	at com.geccocrawler.gecco.spider.render.html.HtmlRender$$EnhancerByCGLIB$$13624782.CGLIB$fieldRender$0(<generated>)
	at com.geccocrawler.gecco.spider.render.html.HtmlRender$$EnhancerByCGLIB$$13624782$$FastClassByCGLIB$$75514247.invoke(<generated>)
	at net.sf.cglib.proxy.MethodProxy.invokeSuper(MethodProxy.java:228)
	at com.geccocrawler.gecco.monitor.RenderMointorIntercetor.intercept(RenderMointorIntercetor.java:23)
	at com.geccocrawler.gecco.spider.render.html.HtmlRender$$EnhancerByCGLIB$$13624782.fieldRender(<generated>)
	at com.geccocrawler.gecco.spider.render.AbstractRender.inject(AbstractRender.java:60)
	at com.geccocrawler.gecco.spider.render.html.HtmlRender$$EnhancerByCGLIB$$13624782.CGLIB$inject$3(<generated>)
	at com.geccocrawler.gecco.spider.render.html.HtmlRender$$EnhancerByCGLIB$$13624782$$FastClassByCGLIB$$75514247.invoke(<generated>)
	at net.sf.cglib.proxy.MethodProxy.invokeSuper(MethodProxy.java:228)
	at com.geccocrawler.gecco.monitor.RenderMointorIntercetor.intercept(RenderMointorIntercetor.java:16)
	at com.geccocrawler.gecco.spider.render.html.HtmlRender$$EnhancerByCGLIB$$13624782.inject(<generated>)
	at com.geccocrawler.gecco.spider.Spider.run(Spider.java:109)
	at java.lang.Thread.run(Thread.java:748)
2017-08-07 19:35:48  [ Tcom.cwj.gecco1:0 ] - [ ERROR ]  http://www.cnblogs.com/boychen/p/7294364 ERROR : com.geccocrawler.gecco.downloader.DownloadServerException404
